              :-) GROMACS - gmx mdrun, 2024.4-EasyBuild_4.9.4 (-:

Copyright 1991-2024 The GROMACS Authors.
GROMACS is free software; you can redistribute it and/or modify it
under the terms of the GNU Lesser General Public License
as published by the Free Software Foundation; either version 2.1
of the License, or (at your option) any later version.

                         Current GROMACS contributors:
       Mark Abraham           Andrey Alekseenko           Vladimir Basov      
      Cathrine Bergh            Eliane Briand               Ania Brown        
      Mahesh Doijade            Giacomo Fiorin          Stefan Fleischmann    
      Sergey Gorelov         Gilles Gouaillardet            Alan Gray         
     M. Eric Irrgang         Farzaneh Jalalypour            Joe Jordan        
     Carsten Kutzner           Justin A. Lemkul          Magnus Lundborg      
       Pascal Merz              Vedran Miletic            Dmitry Morozov      
       Julien Nabet              Szilard Pall        Andrea Pasquadibisceglie 
    Michele Pellegrino          Hubert Santuz             Roland Schulz       
     Tatiana Shugaeva          Alexey Shvetsov            Philip Turner       
     Alessandra Villa      Sebastian Wingbermuehle  

                         Previous GROMACS contributors:
        Emile Apol             Rossen Apostolov           James Barnett       
        Paul Bauer          Herman J.C. Berendsen          Par Bjelkmar       
      Christian Blau          Viacheslav Bolnykh            Kevin Boyd        
    Aldert van Buuren          Carlo Camilloni           Rudi van Drunen      
      Anton Feenstra           Oliver Fleetwood            Vytas Gapsys       
       Gaurav Garg             Gerrit Groenhof            Bert de Groot       
      Anca Hamuraru           Vincent Hindriksen          Victor Holanda      
     Aleksei Iupinov          Christoph Junghans        Prashanth Kanduri     
   Dimitrios Karkoulis           Peter Kasson             Sebastian Kehl      
     Sebastian Keller             Jiri Kraus               Per Larsson        
      Viveca Lindahl            Erik Marklund           Pieter Meulenhoff     
      Teemu Murtola              Sander Pronk             Michael Shirts      
      Alfons Sijbers            Balint Soproni         David van der Spoel    
      Peter Tieleman            Carsten Uphoff             Jon Vincent        
     Teemu Virolainen         Christian Wennberg           Maarten Wolf       
      Artem Zhmurov       

                  Coordinated by the GROMACS project leaders:
                           Berk Hess and Erik Lindahl

GROMACS:      gmx mdrun, version 2024.4-EasyBuild_4.9.4
Executable:   /cvmfs/soft.computecanada.ca/easybuild/software/2023/x86-64-v4/MPI/gcc12/openmpi4/gromacs/2024.4/bin/gmx
Data prefix:  /cvmfs/soft.computecanada.ca/easybuild/software/2023/x86-64-v4/MPI/gcc12/openmpi4/gromacs/2024.4
Working dir:  /home/tanm27/andrew/md/110nt-CXCL9
Process ID:   461488
Command line:
  gmx mdrun -v -deffnm nvt

GROMACS version:     2024.4-EasyBuild_4.9.4
Precision:           mixed
Memory model:        64 bit
MPI library:         thread_mpi
OpenMP support:      enabled (GMX_OPENMP_MAX_THREADS = 128)
GPU support:         disabled
SIMD instructions:   AVX_512
CPU FFT library:     fftw-3.3.10-sse2-avx-avx2-avx2_128
GPU FFT library:     none
Multi-GPU FFT:       none
RDTSCP usage:        enabled
TNG support:         enabled
Hwloc support:       hwloc-2.9.1
Tracing support:     disabled
C compiler:          /cvmfs/soft.computecanada.ca/easybuild/software/2023/x86-64-v4/Compiler/gcc12/openmpi/4.1.5/bin/mpicc GNU 12.3.1
C compiler flags:    -fexcess-precision=fast -funroll-all-loops -march=skylake-avx512 -Wno-missing-field-initializers -O3 -DNDEBUG
C++ compiler:        /cvmfs/soft.computecanada.ca/easybuild/software/2023/x86-64-v4/Compiler/gcc12/openmpi/4.1.5/bin/mpicxx GNU 12.3.1
C++ compiler flags:  -fexcess-precision=fast -funroll-all-loops -march=skylake-avx512 -Wno-missing-field-initializers -Wno-cast-function-type-strict SHELL:-fopenmp -O3 -DNDEBUG
BLAS library:        External - user-supplied
LAPACK library:      External - user-supplied


Running on 1 node with total 8 cores, 8 processing units
Hardware detected on host c6.nibi.sharcnet:
  CPU info:
    Vendor: Intel
    Brand:  Intel(R) Xeon(R) 6972P
    Family: 6   Model: 173   Stepping: 1
    Features: aes apic avx avx2 avx512f avx512cd avx512bw avx512vl avx512bf16 avx512secondFMA clfsh cmov cx8 cx16 f16c fma htt intel lahf mmx msr nonstop_tsc pcid pclmuldq pdcm pdpe1gb popcnt pse rdrnd rdtscp sha sse2 sse3 sse4.1 sse4.2 ssse3 tdt x2apic
    Number of AVX-512 FMA units: 2
  Hardware topology: Full, with devices
    Packages, cores, and logical processors:
    [indices refer to OS logical processors]
      Package  0: [  38]
      Package  1: [ 106] [ 107] [ 108] [ 133] [ 135] [ 173] [ 175]
    CPU limit set by OS: -1   Recommended max number of threads: 8
    Numa nodes:
      Node  0 (134802087936 bytes mem):
      Node  1 (135282806784 bytes mem):  38
      Node  2 (135282806784 bytes mem):
      Node  3 (135235194880 bytes mem): 106 107 108
      Node  4 (135282806784 bytes mem): 133 135
      Node  5 (135263354880 bytes mem): 173 175
      Latency:
               0     1     2     3     4     5
         0  1.00  1.20  1.20  2.10  2.10  2.10
         1  1.20  1.00  1.20  2.10  2.10  2.10
         2  1.20  1.20  1.00  2.10  2.10  2.10
         3  2.10  2.10  2.10  1.00  1.20  1.20
         4  2.10  2.10  2.10  1.20  1.00  1.20
         5  2.10  2.10  2.10  1.20  1.20  1.00
    Caches:
      L1: 49152 bytes, linesize 64 bytes, assoc. 12, shared 1 ways
      L2: 2097152 bytes, linesize 64 bytes, assoc. 16, shared 1 ways
      L3: 503316480 bytes, linesize 64 bytes, assoc. 16, shared 1 ways
    PCI devices:
      0000:3b:00.0  Id: 15b3:1021  Class: 0x0200  Numa: 0
      0000:3b:00.1  Id: 15b3:1021  Class: 0x0200  Numa: 0
      0000:4c:00.0  Id: 8086:15ff  Class: 0x0200  Numa: 0
      0000:4c:00.1  Id: 8086:15ff  Class: 0x0200  Numa: 0
      0000:4e:00.0  Id: 1a03:2000  Class: 0x0300  Numa: 0
      0000:4f:00.0  Id: 144d:a80a  Class: 0x0108  Numa: 0
      0000:01:00.0  Id: 8086:4944  Class: 0x0b40  Numa: 1
      0000:03:00.0  Id: 8086:2714  Class: 0x0b40  Numa: 1
      0000:06:00.0  Id: 8086:4944  Class: 0x0b40  Numa: 1
      0000:08:00.0  Id: 8086:2714  Class: 0x0b40  Numa: 1
      0000:0b:00.0  Id: 8086:4944  Class: 0x0b40  Numa: 1
      0000:0d:00.0  Id: 8086:2714  Class: 0x0b40  Numa: 1
      0000:10:00.0  Id: 8086:4944  Class: 0x0b40  Numa: 1
      0000:12:00.0  Id: 8086:2714  Class: 0x0b40  Numa: 1
      0000:81:00.0  Id: 8086:4944  Class: 0x0b40  Numa: 4
      0000:83:00.0  Id: 8086:2714  Class: 0x0b40  Numa: 4
      0000:86:00.0  Id: 8086:4944  Class: 0x0b40  Numa: 4
      0000:88:00.0  Id: 8086:2714  Class: 0x0b40  Numa: 4
      0000:8b:00.0  Id: 8086:4944  Class: 0x0b40  Numa: 4
      0000:8d:00.0  Id: 8086:2714  Class: 0x0b40  Numa: 4
      0000:90:00.0  Id: 8086:4944  Class: 0x0b40  Numa: 4
      0000:92:00.0  Id: 8086:2714  Class: 0x0b40  Numa: 4


++++ PLEASE READ AND CITE THE FOLLOWING REFERENCE ++++
M. J. Abraham, T. Murtola, R. Schulz, S. Páll, J. C. Smith, B. Hess, E.
Lindahl
GROMACS: High performance molecular simulations through multi-level
parallelism from laptops to supercomputers
SoftwareX 1 (2015) pp. 19-25
-------- -------- --- Thank You --- -------- --------


++++ PLEASE READ AND CITE THE FOLLOWING REFERENCE ++++
S. Páll, M. J. Abraham, C. Kutzner, B. Hess, E. Lindahl
Tackling Exascale Software Challenges in Molecular Dynamics Simulations with
GROMACS
In S. Markidis & E. Laure (Eds.), Solving Software Challenges for Exascale 8759 (2015) pp. 3-27
-------- -------- --- Thank You --- -------- --------


++++ PLEASE READ AND CITE THE FOLLOWING REFERENCE ++++
S. Pronk, S. Páll, R. Schulz, P. Larsson, P. Bjelkmar, R. Apostolov, M. R.
Shirts, J. C. Smith, P. M. Kasson, D. van der Spoel, B. Hess, and E. Lindahl
GROMACS 4.5: a high-throughput and highly parallel open source molecular
simulation toolkit
Bioinformatics 29 (2013) pp. 845-54
-------- -------- --- Thank You --- -------- --------


++++ PLEASE READ AND CITE THE FOLLOWING REFERENCE ++++
B. Hess and C. Kutzner and D. van der Spoel and E. Lindahl
GROMACS 4: Algorithms for highly efficient, load-balanced, and scalable
molecular simulation
J. Chem. Theory Comput. 4 (2008) pp. 435-447
-------- -------- --- Thank You --- -------- --------


++++ PLEASE READ AND CITE THE FOLLOWING REFERENCE ++++
D. van der Spoel, E. Lindahl, B. Hess, G. Groenhof, A. E. Mark and H. J. C.
Berendsen
GROMACS: Fast, Flexible and Free
J. Comp. Chem. 26 (2005) pp. 1701-1719
-------- -------- --- Thank You --- -------- --------


++++ PLEASE READ AND CITE THE FOLLOWING REFERENCE ++++
E. Lindahl and B. Hess and D. van der Spoel
GROMACS 3.0: A package for molecular simulation and trajectory analysis
J. Mol. Mod. 7 (2001) pp. 306-317
-------- -------- --- Thank You --- -------- --------


++++ PLEASE READ AND CITE THE FOLLOWING REFERENCE ++++
H. J. C. Berendsen, D. van der Spoel and R. van Drunen
GROMACS: A message-passing parallel molecular dynamics implementation
Comp. Phys. Comm. 91 (1995) pp. 43-56
-------- -------- --- Thank You --- -------- --------

Input Parameters:
   integrator                     = md
   tinit                          = 0
   dt                             = 0.002
   nsteps                         = 50000
   init-step                      = 0
   simulation-part                = 1
   mts                            = false
   mass-repartition-factor        = 1
   comm-mode                      = Linear
   nstcomm                        = 100
   bd-fric                        = 0
   ld-seed                        = -270304257
   emtol                          = 10
   emstep                         = 0.01
   niter                          = 20
   fcstep                         = 0
   nstcgsteep                     = 1000
   nbfgscorr                      = 10
   rtpi                           = 0.05
   nstxout                        = 0
   nstvout                        = 0
   nstfout                        = 0
   nstlog                         = 500
   nstcalcenergy                  = 100
   nstenergy                      = 500
   nstxout-compressed             = 500
   compressed-x-precision         = 1000
   cutoff-scheme                  = Verlet
   nstlist                        = 20
   pbc                            = xyz
   periodic-molecules             = false
   verlet-buffer-tolerance        = 0.005
   verlet-buffer-pressure-tolerance = 0.5
   rlist                          = 1.225
   coulombtype                    = PME
   coulomb-modifier               = Potential-shift
   rcoulomb-switch                = 0
   rcoulomb                       = 1.2
   epsilon-r                      = 1
   epsilon-rf                     = inf
   vdw-type                       = Cut-off
   vdw-modifier                   = Force-switch
   rvdw-switch                    = 1
   rvdw                           = 1.2
   DispCorr                       = No
   table-extension                = 1
   fourierspacing                 = 0.16
   fourier-nx                     = 144
   fourier-ny                     = 144
   fourier-nz                     = 144
   pme-order                      = 4
   ewald-rtol                     = 1e-05
   ewald-rtol-lj                  = 0.001
   lj-pme-comb-rule               = Geometric
   ewald-geometry                 = 3d
   epsilon-surface                = 0
   ensemble-temperature-setting   = constant
   ensemble-temperature           = 300
   tcoupl                         = V-rescale
   nsttcouple                     = 10
   nh-chain-length                = 0
   print-nose-hoover-chain-variables = false
   pcoupl                         = No
   refcoord-scaling               = No
   posres-com (3):
      posres-com[0]= 0.00000e+00
      posres-com[1]= 0.00000e+00
      posres-com[2]= 0.00000e+00
   posres-comB (3):
      posres-comB[0]= 0.00000e+00
      posres-comB[1]= 0.00000e+00
      posres-comB[2]= 0.00000e+00
   QMMM                           = false
qm-opts:
   ngQM                           = 0
   constraint-algorithm           = Lincs
   continuation                   = false
   Shake-SOR                      = false
   shake-tol                      = 0.0001
   lincs-order                    = 4
   lincs-iter                     = 1
   lincs-warnangle                = 30
   nwall                          = 0
   wall-type                      = 9-3
   wall-r-linpot                  = -1
   wall-atomtype[0]               = -1
   wall-atomtype[1]               = -1
   wall-density[0]                = 0
   wall-density[1]                = 0
   wall-ewald-zfac                = 3
   pull                           = false
   awh                            = false
   rotation                       = false
   interactiveMD                  = false
   disre                          = No
   disre-weighting                = Conservative
   disre-mixed                    = false
   dr-fc                          = 1000
   dr-tau                         = 0
   nstdisreout                    = 100
   orire-fc                       = 0
   orire-tau                      = 0
   nstorireout                    = 100
   free-energy                    = no
   cos-acceleration               = 0
   deform (3x3):
      deform[    0]={ 0.00000e+00,  0.00000e+00,  0.00000e+00}
      deform[    1]={ 0.00000e+00,  0.00000e+00,  0.00000e+00}
      deform[    2]={ 0.00000e+00,  0.00000e+00,  0.00000e+00}
   simulated-tempering            = false
   swapcoords                     = no
   userint1                       = 0
   userint2                       = 0
   userint3                       = 0
   userint4                       = 0
   userreal1                      = 0
   userreal2                      = 0
   userreal3                      = 0
   userreal4                      = 0
   applied-forces:
     electric-field:
       x:
         E0                       = 0
         omega                    = 0
         t0                       = 0
         sigma                    = 0
       y:
         E0                       = 0
         omega                    = 0
         t0                       = 0
         sigma                    = 0
       z:
         E0                       = 0
         omega                    = 0
         t0                       = 0
         sigma                    = 0
     density-guided-simulation:
       active                     = false
       group                      = protein
       similarity-measure         = inner-product
       atom-spreading-weight      = unity
       force-constant             = 1e+09
       gaussian-transform-spreading-width = 0.2
       gaussian-transform-spreading-range-in-multiples-of-width = 4
       reference-density-filename = reference.mrc
       nst                        = 1
       normalize-densities        = true
       adaptive-force-scaling     = false
       adaptive-force-scaling-time-constant = 4
       shift-vector               = 
       transformation-matrix      = 
     qmmm-cp2k:
       active                     = false
       qmgroup                    = System
       qmmethod                   = PBE
       qmfilenames                = 
       qmcharge                   = 0
       qmmultiplicity             = 1
     colvars:
       active                     = false
       configfile                 = 
       seed                       = -1
grpopts:
   nrdf:       14415  1.36058e+06
   ref-t:         300         300
   tau-t:         0.1         0.1
annealing:          No          No
annealing-npoints:           0           0
   acc:	           0           0           0
   nfreeze:           N           N           N
   energygrp-flags[  0]: 0

Changing nstlist from 20 to 80, rlist from 1.225 to 1.325


Initializing Domain Decomposition on 1 ranks
Dynamic load balancing: auto
Using update groups, nr 230066, average size 3.0 atoms, max. radius 0.139 nm
Minimum cell size due to atom displacement: 0.556 nm
Initial maximum distances in bonded interactions:
    two-body bonded interactions: 0.421 nm, LJ-14, atoms 5 13
  multi-body bonded interactions: 0.483 nm, CMAP Dih., atoms 861 874
Minimum cell size due to bonded interactions: 0.532 nm
Using 0 separate PME ranks because: there are too few total ranks for efficient splitting
Optimizing the DD grid for 1 cells with a minimum initial size of 0.556 nm
The maximum allowed number of cells is: X 31 Y 31 Z 27
Domain decomposition grid 1 x 1 x 1, separate PME ranks 0
PME domain decomposition: 1 x 1 x 1

The initial number of communication pulses is:
The initial domain decomposition cell size is:

The maximum allowed distance for atom groups involved in interactions is:
                 non-bonded interactions           1.603 nm
            two-body bonded interactions  (-rdd)   1.603 nm
          multi-body bonded interactions  (-rdd)   1.603 nm

When dynamic load balancing gets turned on, these settings will change to:
The maximum number of communication pulses is:
The minimum size for domain decomposition cells is 1.603 nm
The requested allowed shrink of DD cells (option -dds) is: 0.80
The allowed shrink of domain decomposition cells is:
The maximum allowed distance for atom groups involved in interactions is:
                 non-bonded interactions           1.603 nm
            two-body bonded interactions  (-rdd)   1.603 nm
          multi-body bonded interactions  (-rdd)   1.603 nm

Using 1 MPI thread

Non-default thread affinity set, disabling internal thread affinity

Using 8 OpenMP threads 

System total charge: 0.000
Will do PME sum in reciprocal space for electrostatic interactions.

++++ PLEASE READ AND CITE THE FOLLOWING REFERENCE ++++
U. Essmann, L. Perera, M. L. Berkowitz, T. Darden, H. Lee and L. G. Pedersen 
A smooth particle mesh Ewald method
J. Chem. Phys. 103 (1995) pp. 8577-8592
-------- -------- --- Thank You --- -------- --------

Using a Gaussian width (1/beta) of 0.384195 nm for Ewald
Potential shift: LJ r^-12: -2.648e-01 r^-6: -5.349e-01, Ewald -8.333e-06
Initialized non-bonded Coulomb Ewald tables, spacing: 1.02e-03 size: 1176

Generated table with 1162 data points for 1-4 COUL.
Tabscale = 500 points/nm
Generated table with 1162 data points for 1-4 LJ6.
Tabscale = 500 points/nm
Generated table with 1162 data points for 1-4 LJ12.
Tabscale = 500 points/nm


Using SIMD2xMM 4x8 nonbonded short-range kernels

Using a dual 4x8 pair-list setup updated with dynamic pruning:
  outer list: updated every 80 steps, buffer 0.125 nm, rlist 1.325 nm
  inner list: updated every 12 steps, buffer 0.001 nm, rlist 1.201 nm
At tolerance 0.005 kJ/mol/ps per atom, equivalent classical 1x1 list would be:
  outer list: updated every 80 steps, buffer 0.269 nm, rlist 1.469 nm
  inner list: updated every 12 steps, buffer 0.047 nm, rlist 1.247 nm

The average pressure is off by at most 0.12 bar due to missing LJ interactions
Removing pbc first time

Linking all bonded interactions to atoms


Initializing LINear Constraint Solver

++++ PLEASE READ AND CITE THE FOLLOWING REFERENCE ++++
B. Hess and H. Bekker and H. J. C. Berendsen and J. G. E. M. Fraaije
LINCS: A Linear Constraint Solver for molecular simulations
J. Comp. Chem. 18 (1997) pp. 1463-1472
-------- -------- --- Thank You --- -------- --------

The number of constraints is 2319

++++ PLEASE READ AND CITE THE FOLLOWING REFERENCE ++++
S. Miyamoto and P. A. Kollman
SETTLE: An Analytical Version of the SHAKE and RATTLE Algorithms for Rigid
Water Models
J. Comp. Chem. 13 (1992) pp. 952-962
-------- -------- --- Thank You --- -------- --------


++++ PLEASE READ AND CITE THE FOLLOWING REFERENCE ++++
G. Bussi, D. Donadio and M. Parrinello
Canonical sampling through velocity rescaling
J. Chem. Phys. 126 (2007) pp. 014101
-------- -------- --- Thank You --- -------- --------

There are: 685823 Atoms

Atom distribution over 1 domains: av 685823 stddev 0 min 685823 max 685823

Constraining the starting coordinates (step 0)

Constraining the coordinates at t0-dt (step 0)
Center of mass motion removal mode is Linear
We have the following groups for center of mass motion removal:
  0:  rest
RMS relative constraint deviation after constraining: 6.15e-06
Initial temperature: 300.518 K

Started mdrun on rank 0 Sun Sep 28 17:52:21 2025

           Step           Time
              0        0.00000

   Energies (kJ/mol)
           Bond            U-B    Proper Dih.  Improper Dih.      CMAP Dih.
    1.93190e+03    8.20254e+03    1.96277e+04    1.58619e+02   -2.75886e+02
          LJ-14     Coulomb-14        LJ (SR)   Coulomb (SR)   Coul. recip.
    8.08989e+03   -1.49743e+04    1.34713e+06   -1.28471e+07    1.96161e+04
 Position Rest.      Potential    Kinetic En.   Total Energy  Conserved En.
    2.36210e-01   -1.14576e+07    1.71786e+06   -9.73978e+06   -9.73978e+06
    Temperature Pressure (bar)   Constr. rmsd
    3.00527e+02   -4.08508e+03    6.24750e-06

           Step           Time
            500        1.00000

   Energies (kJ/mol)
           Bond            U-B    Proper Dih.  Improper Dih.      CMAP Dih.
    5.59574e+03    1.65526e+04    2.13251e+04    5.16345e+02   -2.78150e+02
          LJ-14     Coulomb-14        LJ (SR)   Coulomb (SR)   Coul. recip.
    8.79602e+03   -1.48323e+04    1.03439e+06   -1.05114e+07    3.03908e+04
 Position Rest.      Potential    Kinetic En.   Total Energy  Conserved En.
    1.43533e+03   -9.40748e+06    1.68587e+06   -7.72161e+06   -9.72913e+06
    Temperature Pressure (bar)   Constr. rmsd
    2.94931e+02   -4.79873e+02    6.42447e-06

           Step           Time
           1000        2.00000

   Energies (kJ/mol)
           Bond            U-B    Proper Dih.  Improper Dih.      CMAP Dih.
    5.88425e+03    1.61429e+04    2.10999e+04    5.24517e+02   -2.42083e+02
          LJ-14     Coulomb-14        LJ (SR)   Coulomb (SR)   Coul. recip.
    8.67690e+03   -1.49644e+04    1.00606e+06   -1.04159e+07    3.07184e+04
 Position Rest.      Potential    Kinetic En.   Total Energy  Conserved En.
    1.49956e+03   -9.34051e+06    1.71281e+06   -7.62770e+06   -9.72914e+06
    Temperature Pressure (bar)   Constr. rmsd
    2.99644e+02   -4.28821e+02    6.27404e-06

           Step           Time
           1500        3.00000

   Energies (kJ/mol)
           Bond            U-B    Proper Dih.  Improper Dih.      CMAP Dih.
    5.88502e+03    1.62936e+04    2.10210e+04    4.82198e+02   -1.82913e+02
          LJ-14     Coulomb-14        LJ (SR)   Coulomb (SR)   Coul. recip.
    8.59681e+03   -1.48824e+04    9.92083e+05   -1.03921e+07    3.11058e+04
 Position Rest.      Potential    Kinetic En.   Total Energy  Conserved En.
    1.48714e+03   -9.33025e+06    1.70968e+06   -7.62057e+06   -9.72902e+06
    Temperature Pressure (bar)   Constr. rmsd
    2.99097e+02   -4.02167e+02    6.38546e-06

           Step           Time
           2000        4.00000

   Energies (kJ/mol)
           Bond            U-B    Proper Dih.  Improper Dih.      CMAP Dih.
    5.95477e+03    1.60941e+04    2.11638e+04    4.97396e+02   -2.07304e+02
          LJ-14     Coulomb-14        LJ (SR)   Coulomb (SR)   Coul. recip.
    8.58848e+03   -1.49529e+04    9.95952e+05   -1.03955e+07    3.10657e+04
 Position Rest.      Potential    Kinetic En.   Total Energy  Conserved En.
    1.34661e+03   -9.33000e+06    1.71734e+06   -7.61265e+06   -9.72888e+06
    Temperature Pressure (bar)   Constr. rmsd
    3.00437e+02   -4.33530e+02    6.35795e-06

           Step           Time
           2500        5.00000

   Energies (kJ/mol)
           Bond            U-B    Proper Dih.  Improper Dih.      CMAP Dih.
    5.69016e+03    1.63237e+04    2.09937e+04    4.91573e+02   -2.01682e+02
          LJ-14     Coulomb-14        LJ (SR)   Coulomb (SR)   Coul. recip.
    8.87455e+03   -1.47154e+04    9.97189e+05   -1.03991e+07    3.10146e+04
 Position Rest.      Potential    Kinetic En.   Total Energy  Conserved En.
    1.36967e+03   -9.33208e+06    1.71670e+06   -7.61538e+06   -9.72870e+06
    Temperature Pressure (bar)   Constr. rmsd
    3.00325e+02   -4.61949e+02    6.26343e-06

           Step           Time
           3000        6.00000

   Energies (kJ/mol)
           Bond            U-B    Proper Dih.  Improper Dih.      CMAP Dih.
    5.83084e+03    1.58365e+04    2.11940e+04    5.00155e+02   -1.79109e+02
          LJ-14     Coulomb-14        LJ (SR)   Coulomb (SR)   Coul. recip.
    8.90061e+03   -1.48926e+04    1.00015e+06   -1.04015e+07    3.09224e+04
 Position Rest.      Potential    Kinetic En.   Total Energy  Conserved En.
    1.43128e+03   -9.33181e+06    1.71474e+06   -7.61707e+06   -9.72848e+06
    Temperature Pressure (bar)   Constr. rmsd
    2.99982e+02   -3.87809e+02    6.46371e-06

           Step           Time
           3500        7.00000

   Energies (kJ/mol)
           Bond            U-B    Proper Dih.  Improper Dih.      CMAP Dih.
    6.07153e+03    1.62199e+04    2.10995e+04    4.68784e+02   -2.39561e+02
          LJ-14     Coulomb-14        LJ (SR)   Coulomb (SR)   Coul. recip.
    8.77298e+03   -1.49515e+04    9.93056e+05   -1.03951e+07    3.12871e+04
 Position Rest.      Potential    Kinetic En.   Total Energy  Conserved En.
    1.40510e+03   -9.33191e+06    1.71045e+06   -7.62146e+06   -9.72829e+06
    Temperature Pressure (bar)   Constr. rmsd
    2.99231e+02   -4.51365e+02    6.22222e-06

           Step           Time
           4000        8.00000

   Energies (kJ/mol)
           Bond            U-B    Proper Dih.  Improper Dih.      CMAP Dih.
    5.86094e+03    1.62023e+04    2.10484e+04    4.63560e+02   -2.33546e+02
          LJ-14     Coulomb-14        LJ (SR)   Coulomb (SR)   Coul. recip.
    8.75015e+03   -1.46037e+04    9.97919e+05   -1.04023e+07    3.10449e+04
 Position Rest.      Potential    Kinetic En.   Total Energy  Conserved En.
    1.47469e+03   -9.33438e+06    1.71658e+06   -7.61780e+06   -9.72816e+06
    Temperature Pressure (bar)   Constr. rmsd
    3.00304e+02   -5.74278e+02    6.41365e-06

           Step           Time
           4500        9.00000

   Energies (kJ/mol)
           Bond            U-B    Proper Dih.  Improper Dih.      CMAP Dih.
    5.93642e+03    1.59052e+04    2.10475e+04    4.52724e+02   -2.06325e+02
          LJ-14     Coulomb-14        LJ (SR)   Coulomb (SR)   Coul. recip.
    8.71814e+03   -1.46262e+04    9.94287e+05   -1.03961e+07    3.10189e+04
 Position Rest.      Potential    Kinetic En.   Total Energy  Conserved En.
    1.40748e+03   -9.33216e+06    1.71725e+06   -7.61491e+06   -9.72804e+06
    Temperature Pressure (bar)   Constr. rmsd
    3.00421e+02   -4.81879e+02    6.32624e-06

           Step           Time
           5000       10.00000

   Energies (kJ/mol)
           Bond            U-B    Proper Dih.  Improper Dih.      CMAP Dih.
    5.84911e+03    1.64641e+04    2.08332e+04    4.60362e+02   -2.32758e+02
          LJ-14     Coulomb-14        LJ (SR)   Coulomb (SR)   Coul. recip.
    8.79013e+03   -1.49781e+04    9.97770e+05   -1.04017e+07    3.10934e+04
 Position Rest.      Potential    Kinetic En.   Total Energy  Conserved En.
    1.44460e+03   -9.33422e+06    1.71493e+06   -7.61929e+06   -9.72782e+06
    Temperature Pressure (bar)   Constr. rmsd
    3.00015e+02   -4.49617e+02    6.18648e-06

           Step           Time
           5500       11.00000

   Energies (kJ/mol)
           Bond            U-B    Proper Dih.  Improper Dih.      CMAP Dih.
    5.74304e+03    1.59982e+04    2.09194e+04    5.06962e+02   -1.84709e+02
          LJ-14     Coulomb-14        LJ (SR)   Coulomb (SR)   Coul. recip.
    8.72282e+03   -1.47583e+04    9.96161e+05   -1.03986e+07    3.13609e+04
 Position Rest.      Potential    Kinetic En.   Total Energy  Conserved En.
    1.37143e+03   -9.33278e+06    1.71121e+06   -7.62156e+06   -9.72766e+06
    Temperature Pressure (bar)   Constr. rmsd
    2.99365e+02   -4.86217e+02    6.37283e-06

           Step           Time
           6000       12.00000

   Energies (kJ/mol)
           Bond            U-B    Proper Dih.  Improper Dih.      CMAP Dih.
    5.71746e+03    1.62692e+04    2.09776e+04    4.59456e+02   -1.12038e+02
          LJ-14     Coulomb-14        LJ (SR)   Coulomb (SR)   Coul. recip.
    8.72525e+03   -1.45495e+04    9.95542e+05   -1.03939e+07    3.09210e+04
 Position Rest.      Potential    Kinetic En.   Total Energy  Conserved En.
    1.35423e+03   -9.32862e+06    1.71531e+06   -7.61330e+06   -9.72751e+06
    Temperature Pressure (bar)   Constr. rmsd
    3.00081e+02   -4.27106e+02    6.30348e-06

           Step           Time
           6500       13.00000

   Energies (kJ/mol)
           Bond            U-B    Proper Dih.  Improper Dih.      CMAP Dih.
    5.73381e+03    1.59443e+04    2.10075e+04    5.16962e+02   -1.63662e+02
          LJ-14     Coulomb-14        LJ (SR)   Coulomb (SR)   Coul. recip.
    8.70017e+03   -1.47505e+04    9.93507e+05   -1.03991e+07    3.09999e+04
 Position Rest.      Potential    Kinetic En.   Total Energy  Conserved En.
    1.37072e+03   -9.33626e+06    1.71497e+06   -7.62129e+06   -9.72733e+06
    Temperature Pressure (bar)   Constr. rmsd
    3.00022e+02   -5.52968e+02    6.46718e-06

           Step           Time
           7000       14.00000

   Energies (kJ/mol)
           Bond            U-B    Proper Dih.  Improper Dih.      CMAP Dih.
    5.82041e+03    1.61770e+04    2.11237e+04    4.96995e+02   -1.93375e+02
          LJ-14     Coulomb-14        LJ (SR)   Coulomb (SR)   Coul. recip.
    8.58388e+03   -1.46365e+04    9.93495e+05   -1.03954e+07    3.13569e+04
 Position Rest.      Potential    Kinetic En.   Total Energy  Conserved En.
    1.39625e+03   -9.33178e+06    1.71284e+06   -7.61894e+06   -9.72711e+06
    Temperature Pressure (bar)   Constr. rmsd
    2.99650e+02   -4.57843e+02    6.49051e-06

           Step           Time
           7500       15.00000

   Energies (kJ/mol)
           Bond            U-B    Proper Dih.  Improper Dih.      CMAP Dih.
    5.66331e+03    1.59961e+04    2.09995e+04    5.02739e+02   -2.04247e+02
          LJ-14     Coulomb-14        LJ (SR)   Coulomb (SR)   Coul. recip.
    8.67631e+03   -1.44964e+04    9.94986e+05   -1.03896e+07    3.12031e+04
 Position Rest.      Potential    Kinetic En.   Total Energy  Conserved En.
    1.44300e+03   -9.32487e+06    1.70796e+06   -7.61691e+06   -9.72693e+06
    Temperature Pressure (bar)   Constr. rmsd
    2.98796e+02   -3.72267e+02    6.42993e-06

           Step           Time
           8000       16.00000

   Energies (kJ/mol)
           Bond            U-B    Proper Dih.  Improper Dih.      CMAP Dih.
    5.97571e+03    1.65800e+04    2.10753e+04    4.99451e+02   -2.43377e+02
          LJ-14     Coulomb-14        LJ (SR)   Coulomb (SR)   Coul. recip.
    8.62569e+03   -1.47979e+04    9.93636e+05   -1.03905e+07    3.10795e+04
 Position Rest.      Potential    Kinetic En.   Total Energy  Conserved En.
    1.33705e+03   -9.32675e+06    1.71425e+06   -7.61250e+06   -9.72676e+06
    Temperature Pressure (bar)   Constr. rmsd
    2.99896e+02   -4.37194e+02    6.44033e-06

           Step           Time
           8500       17.00000

   Energies (kJ/mol)
           Bond            U-B    Proper Dih.  Improper Dih.      CMAP Dih.
    5.88872e+03    1.67190e+04    2.09565e+04    5.03031e+02   -2.36415e+02
          LJ-14     Coulomb-14        LJ (SR)   Coulomb (SR)   Coul. recip.
    8.63959e+03   -1.50222e+04    9.92096e+05   -1.03868e+07    3.10286e+04
 Position Rest.      Potential    Kinetic En.   Total Energy  Conserved En.
    1.43475e+03   -9.32477e+06    1.71450e+06   -7.61027e+06   -9.72661e+06
    Temperature Pressure (bar)   Constr. rmsd
    2.99940e+02   -4.75226e+02    6.30223e-06

           Step           Time
           9000       18.00000

   Energies (kJ/mol)
           Bond            U-B    Proper Dih.  Improper Dih.      CMAP Dih.
    5.73853e+03    1.62332e+04    2.10357e+04    5.21523e+02   -2.37856e+02
          LJ-14     Coulomb-14        LJ (SR)   Coulomb (SR)   Coul. recip.
    8.81617e+03   -1.47078e+04    9.90075e+05   -1.03931e+07    3.08980e+04
 Position Rest.      Potential    Kinetic En.   Total Energy  Conserved En.
    1.43801e+03   -9.33330e+06    1.71404e+06   -7.61926e+06   -9.72644e+06
    Temperature Pressure (bar)   Constr. rmsd
    2.99859e+02   -4.39345e+02    6.26297e-06

           Step           Time
           9500       19.00000

   Energies (kJ/mol)
           Bond            U-B    Proper Dih.  Improper Dih.      CMAP Dih.
    5.60379e+03    1.62776e+04    2.09648e+04    4.98559e+02   -2.46681e+02
          LJ-14     Coulomb-14        LJ (SR)   Coulomb (SR)   Coul. recip.
    8.76187e+03   -1.48927e+04    9.94670e+05   -1.03934e+07    3.06304e+04
 Position Rest.      Potential    Kinetic En.   Total Energy  Conserved En.
    1.41721e+03   -9.32971e+06    1.71176e+06   -7.61794e+06   -9.72630e+06
    Temperature Pressure (bar)   Constr. rmsd
    2.99461e+02   -3.64175e+02    6.42241e-06

           Step           Time
          10000       20.00000

   Energies (kJ/mol)
           Bond            U-B    Proper Dih.  Improper Dih.      CMAP Dih.
    5.80297e+03    1.62546e+04    2.09291e+04    5.41535e+02   -2.22080e+02
          LJ-14     Coulomb-14        LJ (SR)   Coulomb (SR)   Coul. recip.
    8.78545e+03   -1.46208e+04    9.96357e+05   -1.03924e+07    3.13806e+04
 Position Rest.      Potential    Kinetic En.   Total Energy  Conserved En.
    1.47083e+03   -9.32573e+06    1.71771e+06   -7.60802e+06   -9.72609e+06
    Temperature Pressure (bar)   Constr. rmsd
    3.00500e+02   -4.45970e+02    6.50563e-06

           Step           Time
          10500       21.00000

   Energies (kJ/mol)
           Bond            U-B    Proper Dih.  Improper Dih.      CMAP Dih.
    5.61915e+03    1.59046e+04    2.10204e+04    4.56321e+02   -2.02002e+02
          LJ-14     Coulomb-14        LJ (SR)   Coulomb (SR)   Coul. recip.
    8.84591e+03   -1.47219e+04    9.93820e+05   -1.03896e+07    3.12838e+04
 Position Rest.      Potential    Kinetic En.   Total Energy  Conserved En.
    1.30653e+03   -9.32622e+06    1.71428e+06   -7.61195e+06   -9.72596e+06
    Temperature Pressure (bar)   Constr. rmsd
    2.99900e+02   -3.55794e+02    6.40876e-06

           Step           Time
          11000       22.00000

   Energies (kJ/mol)
           Bond            U-B    Proper Dih.  Improper Dih.      CMAP Dih.
    5.79016e+03    1.65527e+04    2.09318e+04    4.55001e+02   -2.34735e+02
          LJ-14     Coulomb-14        LJ (SR)   Coulomb (SR)   Coul. recip.
    8.70665e+03   -1.48341e+04    9.91094e+05   -1.03857e+07    3.11083e+04
 Position Rest.      Potential    Kinetic En.   Total Energy  Conserved En.
    1.38009e+03   -9.32472e+06    1.71424e+06   -7.61047e+06   -9.72581e+06
    Temperature Pressure (bar)   Constr. rmsd
    2.99894e+02   -4.05172e+02    6.24076e-06

Writing checkpoint, step 11200 at Sun Sep 28 18:07:26 2025


           Step           Time
          11500       23.00000

   Energies (kJ/mol)
           Bond            U-B    Proper Dih.  Improper Dih.      CMAP Dih.
    6.07099e+03    1.59839e+04    2.08336e+04    4.56864e+02   -1.98026e+02
          LJ-14     Coulomb-14        LJ (SR)   Coulomb (SR)   Coul. recip.
    8.81236e+03   -1.49046e+04    9.92089e+05   -1.03907e+07    3.10482e+04
 Position Rest.      Potential    Kinetic En.   Total Energy  Conserved En.
    1.36768e+03   -9.32916e+06    1.71500e+06   -7.61416e+06   -9.72569e+06
    Temperature Pressure (bar)   Constr. rmsd
    3.00027e+02   -4.29308e+02    6.50614e-06

           Step           Time
          12000       24.00000

   Energies (kJ/mol)
           Bond            U-B    Proper Dih.  Improper Dih.      CMAP Dih.
    5.84467e+03    1.61552e+04    2.08160e+04    4.77757e+02   -1.96694e+02
          LJ-14     Coulomb-14        LJ (SR)   Coulomb (SR)   Coul. recip.
    8.69746e+03   -1.49627e+04    9.94949e+05   -1.03967e+07    3.09487e+04
 Position Rest.      Potential    Kinetic En.   Total Energy  Conserved En.
    1.47328e+03   -9.33247e+06    1.71404e+06   -7.61843e+06   -9.72548e+06
    Temperature Pressure (bar)   Constr. rmsd
    2.99859e+02   -4.94740e+02    6.37005e-06

           Step           Time
          12500       25.00000

   Energies (kJ/mol)
           Bond            U-B    Proper Dih.  Improper Dih.      CMAP Dih.
    5.89787e+03    1.60560e+04    2.10440e+04    5.05387e+02   -2.17586e+02
          LJ-14     Coulomb-14        LJ (SR)   Coulomb (SR)   Coul. recip.
    8.75485e+03   -1.49666e+04    9.97335e+05   -1.03969e+07    3.11146e+04
 Position Rest.      Potential    Kinetic En.   Total Energy  Conserved En.
    1.48182e+03   -9.32991e+06    1.71073e+06   -7.61918e+06   -9.72524e+06
    Temperature Pressure (bar)   Constr. rmsd
    2.99281e+02   -5.81354e+02    6.41772e-06

           Step           Time
          13000       26.00000

   Energies (kJ/mol)
           Bond            U-B    Proper Dih.  Improper Dih.      CMAP Dih.
    5.93897e+03    1.61783e+04    2.09116e+04    5.12007e+02   -2.13602e+02
          LJ-14     Coulomb-14        LJ (SR)   Coulomb (SR)   Coul. recip.
    8.72771e+03   -1.47109e+04    9.96560e+05   -1.03969e+07    3.10108e+04
 Position Rest.      Potential    Kinetic En.   Total Energy  Conserved En.
    1.45287e+03   -9.33050e+06    1.71323e+06   -7.61726e+06   -9.72508e+06
    Temperature Pressure (bar)   Constr. rmsd
    2.99718e+02   -4.36970e+02    6.25266e-06

           Step           Time
          13500       27.00000

   Energies (kJ/mol)
           Bond            U-B    Proper Dih.  Improper Dih.      CMAP Dih.
    5.94861e+03    1.62708e+04    2.09942e+04    5.28793e+02   -1.72474e+02
          LJ-14     Coulomb-14        LJ (SR)   Coulomb (SR)   Coul. recip.
    8.85644e+03   -1.50521e+04    9.94687e+05   -1.03894e+07    3.10645e+04
 Position Rest.      Potential    Kinetic En.   Total Energy  Conserved En.
    1.43443e+03   -9.32482e+06    1.71508e+06   -7.60974e+06   -9.72492e+06
    Temperature Pressure (bar)   Constr. rmsd
    3.00040e+02   -5.27396e+02    6.32952e-06

           Step           Time
          14000       28.00000

   Energies (kJ/mol)
           Bond            U-B    Proper Dih.  Improper Dih.      CMAP Dih.
    6.02751e+03    1.60391e+04    2.09319e+04    4.79986e+02   -1.69473e+02
          LJ-14     Coulomb-14        LJ (SR)   Coulomb (SR)   Coul. recip.
    8.72688e+03   -1.46219e+04    9.93186e+05   -1.03885e+07    3.11142e+04
 Position Rest.      Potential    Kinetic En.   Total Energy  Conserved En.
    1.40155e+03   -9.32535e+06    1.71625e+06   -7.60910e+06   -9.72478e+06
    Temperature Pressure (bar)   Constr. rmsd
    3.00246e+02   -5.27003e+02    6.55539e-06

           Step           Time
          14500       29.00000

   Energies (kJ/mol)
           Bond            U-B    Proper Dih.  Improper Dih.      CMAP Dih.
    5.84804e+03    1.63864e+04    2.08508e+04    5.20834e+02   -2.01748e+02
          LJ-14     Coulomb-14        LJ (SR)   Coulomb (SR)   Coul. recip.
    8.81863e+03   -1.49116e+04    9.92521e+05   -1.03864e+07    3.11969e+04
 Position Rest.      Potential    Kinetic En.   Total Energy  Conserved En.
    1.45614e+03   -9.32391e+06    1.71655e+06   -7.60736e+06   -9.72463e+06
    Temperature Pressure (bar)   Constr. rmsd
    3.00297e+02   -4.31481e+02    6.26158e-06

           Step           Time
          15000       30.00000

   Energies (kJ/mol)
           Bond            U-B    Proper Dih.  Improper Dih.      CMAP Dih.
    5.48354e+03    1.61223e+04    2.09983e+04    4.97052e+02   -1.94374e+02
          LJ-14     Coulomb-14        LJ (SR)   Coulomb (SR)   Coul. recip.
    8.76348e+03   -1.47546e+04    9.92790e+05   -1.03933e+07    3.06795e+04
 Position Rest.      Potential    Kinetic En.   Total Energy  Conserved En.
    1.42473e+03   -9.33154e+06    1.71499e+06   -7.61654e+06   -9.72449e+06
    Temperature Pressure (bar)   Constr. rmsd
    3.00025e+02   -5.61233e+02    6.36686e-06

           Step           Time
          15500       31.00000

   Energies (kJ/mol)
           Bond            U-B    Proper Dih.  Improper Dih.      CMAP Dih.
    5.58152e+03    1.61149e+04    2.09319e+04    5.18892e+02   -2.07314e+02
          LJ-14     Coulomb-14        LJ (SR)   Coulomb (SR)   Coul. recip.
    8.90085e+03   -1.46118e+04    9.93720e+05   -1.03973e+07    3.10477e+04
 Position Rest.      Potential    Kinetic En.   Total Energy  Conserved En.
    1.41675e+03   -9.33392e+06    1.71690e+06   -7.61702e+06   -9.72430e+06
    Temperature Pressure (bar)   Constr. rmsd
    3.00360e+02   -4.16517e+02    6.27779e-06

           Step           Time
          16000       32.00000

   Energies (kJ/mol)
           Bond            U-B    Proper Dih.  Improper Dih.      CMAP Dih.
    5.86961e+03    1.64304e+04    2.10152e+04    5.01491e+02   -1.82538e+02
          LJ-14     Coulomb-14        LJ (SR)   Coulomb (SR)   Coul. recip.
    8.72622e+03   -1.53720e+04    9.95194e+05   -1.03919e+07    3.10525e+04
 Position Rest.      Potential    Kinetic En.   Total Energy  Conserved En.
    1.42702e+03   -9.32725e+06    1.71192e+06   -7.61533e+06   -9.72409e+06
    Temperature Pressure (bar)   Constr. rmsd
    2.99488e+02   -3.70313e+02    6.26975e-06

           Step           Time
          16500       33.00000

   Energies (kJ/mol)
           Bond            U-B    Proper Dih.  Improper Dih.      CMAP Dih.
    5.89551e+03    1.64521e+04    2.10618e+04    5.18052e+02   -2.16250e+02
          LJ-14     Coulomb-14        LJ (SR)   Coulomb (SR)   Coul. recip.
    8.66848e+03   -1.49722e+04    9.92843e+05   -1.03888e+07    3.10632e+04
 Position Rest.      Potential    Kinetic En.   Total Energy  Conserved En.
    1.38388e+03   -9.32610e+06    1.71324e+06   -7.61286e+06   -9.72395e+06
    Temperature Pressure (bar)   Constr. rmsd
    2.99718e+02   -3.63688e+02    6.40302e-06

           Step           Time
          17000       34.00000

   Energies (kJ/mol)
           Bond            U-B    Proper Dih.  Improper Dih.      CMAP Dih.
    5.85858e+03    1.66462e+04    2.08867e+04    5.05924e+02   -2.39247e+02
          LJ-14     Coulomb-14        LJ (SR)   Coulomb (SR)   Coul. recip.
    8.60385e+03   -1.50711e+04    9.92251e+05   -1.03918e+07    3.11532e+04
 Position Rest.      Potential    Kinetic En.   Total Energy  Conserved En.
    1.41344e+03   -9.32974e+06    1.71455e+06   -7.61520e+06   -9.72380e+06
    Temperature Pressure (bar)   Constr. rmsd
    2.99948e+02   -3.91410e+02    6.44188e-06

           Step           Time
          17500       35.00000

   Energies (kJ/mol)
           Bond            U-B    Proper Dih.  Improper Dih.      CMAP Dih.
    5.86372e+03    1.65560e+04    2.09906e+04    5.20095e+02   -1.58534e+02
          LJ-14     Coulomb-14        LJ (SR)   Coulomb (SR)   Coul. recip.
    8.59759e+03   -1.53521e+04    9.91718e+05   -1.03954e+07    3.07973e+04
 Position Rest.      Potential    Kinetic En.   Total Energy  Conserved En.
    1.40579e+03   -9.33450e+06    1.71790e+06   -7.61660e+06   -9.72361e+06
    Temperature Pressure (bar)   Constr. rmsd
    3.00535e+02   -6.48456e+02    6.33167e-06

           Step           Time
          18000       36.00000

   Energies (kJ/mol)
           Bond            U-B    Proper Dih.  Improper Dih.      CMAP Dih.
    5.92381e+03    1.61835e+04    2.09038e+04    5.11829e+02   -1.94499e+02
          LJ-14     Coulomb-14        LJ (SR)   Coulomb (SR)   Coul. recip.
    8.85560e+03   -1.49389e+04    9.96638e+05   -1.04009e+07    3.10952e+04
 Position Rest.      Potential    Kinetic En.   Total Energy  Conserved En.
    1.42940e+03   -9.33447e+06    1.71695e+06   -7.61752e+06   -9.72345e+06
    Temperature Pressure (bar)   Constr. rmsd
    3.00369e+02   -4.79911e+02    6.34759e-06

           Step           Time
          18500       37.00000

   Energies (kJ/mol)
           Bond            U-B    Proper Dih.  Improper Dih.      CMAP Dih.
    5.92327e+03    1.58602e+04    2.10898e+04    5.36107e+02   -2.28085e+02
          LJ-14     Coulomb-14        LJ (SR)   Coulomb (SR)   Coul. recip.
    8.73188e+03   -1.48799e+04    9.89921e+05   -1.03888e+07    3.10902e+04
 Position Rest.      Potential    Kinetic En.   Total Energy  Conserved En.
    1.41603e+03   -9.32936e+06    1.71720e+06   -7.61216e+06   -9.72333e+06
    Temperature Pressure (bar)   Constr. rmsd
    3.00412e+02   -4.98578e+02    6.29090e-06

           Step           Time
          19000       38.00000

   Energies (kJ/mol)
           Bond            U-B    Proper Dih.  Improper Dih.      CMAP Dih.
    5.84815e+03    1.60854e+04    2.08285e+04    4.97806e+02   -2.51817e+02
          LJ-14     Coulomb-14        LJ (SR)   Coulomb (SR)   Coul. recip.
    8.83135e+03   -1.46708e+04    9.97117e+05   -1.03965e+07    3.11635e+04
 Position Rest.      Potential    Kinetic En.   Total Energy  Conserved En.
    1.38194e+03   -9.32963e+06    1.71447e+06   -7.61516e+06   -9.72312e+06
    Temperature Pressure (bar)   Constr. rmsd
    2.99935e+02   -4.08260e+02    6.44460e-06

           Step           Time
          19500       39.00000

   Energies (kJ/mol)
           Bond            U-B    Proper Dih.  Improper Dih.      CMAP Dih.
    5.62845e+03    1.62556e+04    2.08744e+04    4.91980e+02   -1.97904e+02
          LJ-14     Coulomb-14        LJ (SR)   Coulomb (SR)   Coul. recip.
    8.80015e+03   -1.45517e+04    9.99360e+05   -1.03948e+07    3.11120e+04
 Position Rest.      Potential    Kinetic En.   Total Energy  Conserved En.
    1.53978e+03   -9.32544e+06    1.71420e+06   -7.61124e+06   -9.72290e+06
    Temperature Pressure (bar)   Constr. rmsd
    2.99887e+02   -5.02851e+02    6.40986e-06

           Step           Time
          20000       40.00000

   Energies (kJ/mol)
           Bond            U-B    Proper Dih.  Improper Dih.      CMAP Dih.
    5.73315e+03    1.63266e+04    2.09630e+04    5.00415e+02   -2.29116e+02
          LJ-14     Coulomb-14        LJ (SR)   Coulomb (SR)   Coul. recip.
    8.75007e+03   -1.43804e+04    9.92457e+05   -1.03898e+07    3.07522e+04
 Position Rest.      Potential    Kinetic En.   Total Energy  Conserved En.
    1.38205e+03   -9.32755e+06    1.71299e+06   -7.61456e+06   -9.72278e+06
    Temperature Pressure (bar)   Constr. rmsd
    2.99675e+02   -3.55739e+02    6.12484e-06

           Step           Time
          20500       41.00000

   Energies (kJ/mol)
           Bond            U-B    Proper Dih.  Improper Dih.      CMAP Dih.
    5.90709e+03    1.63336e+04    2.09217e+04    4.69668e+02   -2.52099e+02
          LJ-14     Coulomb-14        LJ (SR)   Coulomb (SR)   Coul. recip.
    8.48130e+03   -1.48300e+04    9.92460e+05   -1.03928e+07    3.11288e+04
 Position Rest.      Potential    Kinetic En.   Total Energy  Conserved En.
    1.38529e+03   -9.33078e+06    1.71699e+06   -7.61379e+06   -9.72265e+06
    Temperature Pressure (bar)   Constr. rmsd
    3.00375e+02   -3.92480e+02    6.53613e-06

           Step           Time
          21000       42.00000

   Energies (kJ/mol)
           Bond            U-B    Proper Dih.  Improper Dih.      CMAP Dih.
    5.79105e+03    1.65580e+04    2.07595e+04    4.82128e+02   -1.92200e+02
          LJ-14     Coulomb-14        LJ (SR)   Coulomb (SR)   Coul. recip.
    8.71886e+03   -1.46798e+04    9.94966e+05   -1.03927e+07    3.10717e+04
 Position Rest.      Potential    Kinetic En.   Total Energy  Conserved En.
    1.34304e+03   -9.32789e+06    1.71506e+06   -7.61283e+06   -9.72245e+06
    Temperature Pressure (bar)   Constr. rmsd
    3.00037e+02   -4.33409e+02    6.48583e-06

           Step           Time
          21500       43.00000

   Energies (kJ/mol)
           Bond            U-B    Proper Dih.  Improper Dih.      CMAP Dih.
    5.52675e+03    1.60754e+04    2.08265e+04    4.96352e+02   -2.04650e+02
          LJ-14     Coulomb-14        LJ (SR)   Coulomb (SR)   Coul. recip.
    8.90921e+03   -1.46007e+04    9.91729e+05   -1.03877e+07    3.10754e+04
 Position Rest.      Potential    Kinetic En.   Total Energy  Conserved En.
    1.47547e+03   -9.32639e+06    1.71259e+06   -7.61379e+06   -9.72226e+06
    Temperature Pressure (bar)   Constr. rmsd
    2.99606e+02   -5.25463e+02    6.36055e-06

           Step           Time
          22000       44.00000

   Energies (kJ/mol)
           Bond            U-B    Proper Dih.  Improper Dih.      CMAP Dih.
    5.94694e+03    1.64592e+04    2.09069e+04    5.08534e+02   -1.90740e+02
          LJ-14     Coulomb-14        LJ (SR)   Coulomb (SR)   Coul. recip.
    8.61016e+03   -1.46114e+04    9.94364e+05   -1.03901e+07    3.10528e+04
 Position Rest.      Potential    Kinetic En.   Total Energy  Conserved En.
    1.44480e+03   -9.32556e+06    1.71669e+06   -7.60888e+06   -9.72210e+06
    Temperature Pressure (bar)   Constr. rmsd
    3.00323e+02   -3.39335e+02    6.47702e-06

           Step           Time
          22500       45.00000

   Energies (kJ/mol)
           Bond            U-B    Proper Dih.  Improper Dih.      CMAP Dih.
    5.64425e+03    1.62930e+04    2.08649e+04    5.05705e+02   -2.17431e+02
          LJ-14     Coulomb-14        LJ (SR)   Coulomb (SR)   Coul. recip.
    8.74286e+03   -1.45360e+04    9.92357e+05   -1.03954e+07    3.07925e+04
 Position Rest.      Potential    Kinetic En.   Total Energy  Conserved En.
    1.33673e+03   -9.33361e+06    1.71442e+06   -7.61918e+06   -9.72193e+06
    Temperature Pressure (bar)   Constr. rmsd
    2.99926e+02   -4.94092e+02    6.24968e-06

Writing checkpoint, step 22560 at Sun Sep 28 18:22:27 2025


           Step           Time
          23000       46.00000

   Energies (kJ/mol)
           Bond            U-B    Proper Dih.  Improper Dih.      CMAP Dih.
    5.79120e+03    1.62776e+04    2.08387e+04    4.84739e+02   -2.56075e+02
          LJ-14     Coulomb-14        LJ (SR)   Coulomb (SR)   Coul. recip.
    8.64979e+03   -1.47584e+04    9.90590e+05   -1.03903e+07    3.11052e+04
 Position Rest.      Potential    Kinetic En.   Total Energy  Conserved En.
    1.36634e+03   -9.33016e+06    1.71517e+06   -7.61499e+06   -9.72180e+06
    Temperature Pressure (bar)   Constr. rmsd
    3.00058e+02   -4.06394e+02    6.26017e-06

           Step           Time
          23500       47.00000

   Energies (kJ/mol)
           Bond            U-B    Proper Dih.  Improper Dih.      CMAP Dih.
    6.01519e+03    1.59264e+04    2.08187e+04    4.91202e+02   -2.01698e+02
          LJ-14     Coulomb-14        LJ (SR)   Coulomb (SR)   Coul. recip.
    8.82456e+03   -1.45464e+04    9.93782e+05   -1.03932e+07    3.08353e+04
 Position Rest.      Potential    Kinetic En.   Total Energy  Conserved En.
    1.40651e+03   -9.32980e+06    1.71705e+06   -7.61275e+06   -9.72160e+06
    Temperature Pressure (bar)   Constr. rmsd
    3.00385e+02   -4.34627e+02    6.65164e-06

           Step           Time
          24000       48.00000

   Energies (kJ/mol)
           Bond            U-B    Proper Dih.  Improper Dih.      CMAP Dih.
    5.94449e+03    1.60192e+04    2.08610e+04    5.02500e+02   -1.94605e+02
          LJ-14     Coulomb-14        LJ (SR)   Coulomb (SR)   Coul. recip.
    8.59756e+03   -1.45478e+04    9.93979e+05   -1.03929e+07    3.09209e+04
 Position Rest.      Potential    Kinetic En.   Total Energy  Conserved En.
    1.31908e+03   -9.32955e+06    1.71441e+06   -7.61514e+06   -9.72148e+06
    Temperature Pressure (bar)   Constr. rmsd
    2.99924e+02   -4.09286e+02    6.60971e-06

           Step           Time
          24500       49.00000

   Energies (kJ/mol)
           Bond            U-B    Proper Dih.  Improper Dih.      CMAP Dih.
    5.86562e+03    1.59177e+04    2.08428e+04    5.22254e+02   -1.99238e+02
          LJ-14     Coulomb-14        LJ (SR)   Coulomb (SR)   Coul. recip.
    8.75475e+03   -1.45045e+04    9.93724e+05   -1.03932e+07    3.15946e+04
 Position Rest.      Potential    Kinetic En.   Total Energy  Conserved En.
    1.33735e+03   -9.32937e+06    1.71039e+06   -7.61899e+06   -9.72125e+06
    Temperature Pressure (bar)   Constr. rmsd
    2.99220e+02   -4.29532e+02    6.41061e-06

           Step           Time
          25000       50.00000

   Energies (kJ/mol)
           Bond            U-B    Proper Dih.  Improper Dih.      CMAP Dih.
    5.69405e+03    1.58267e+04    2.09329e+04    5.13420e+02   -2.26572e+02
          LJ-14     Coulomb-14        LJ (SR)   Coulomb (SR)   Coul. recip.
    8.85458e+03   -1.43978e+04    9.96318e+05   -1.04014e+07    3.08948e+04
 Position Rest.      Potential    Kinetic En.   Total Energy  Conserved En.
    1.34511e+03   -9.33566e+06    1.71408e+06   -7.62158e+06   -9.72109e+06
    Temperature Pressure (bar)   Constr. rmsd
    2.99866e+02   -4.87761e+02    6.32638e-06

           Step           Time
          25500       51.00000

   Energies (kJ/mol)
           Bond            U-B    Proper Dih.  Improper Dih.      CMAP Dih.
    5.59424e+03    1.59714e+04    2.08954e+04    5.19481e+02   -2.08457e+02
          LJ-14     Coulomb-14        LJ (SR)   Coulomb (SR)   Coul. recip.
    8.88929e+03   -1.48030e+04    9.91490e+05   -1.03976e+07    3.11513e+04
 Position Rest.      Potential    Kinetic En.   Total Energy  Conserved En.
    1.30195e+03   -9.33682e+06    1.71293e+06   -7.62389e+06   -9.72097e+06
    Temperature Pressure (bar)   Constr. rmsd
    2.99664e+02   -3.96294e+02    6.46233e-06

           Step           Time
          26000       52.00000

   Energies (kJ/mol)
           Bond            U-B    Proper Dih.  Improper Dih.      CMAP Dih.
    5.79586e+03    1.60725e+04    2.08520e+04    4.81250e+02   -2.19706e+02
          LJ-14     Coulomb-14        LJ (SR)   Coulomb (SR)   Coul. recip.
    8.83699e+03   -1.46659e+04    9.96643e+05   -1.03940e+07    3.07990e+04
 Position Rest.      Potential    Kinetic En.   Total Energy  Conserved En.
    1.34998e+03   -9.32803e+06    1.71250e+06   -7.61552e+06   -9.72076e+06
    Temperature Pressure (bar)   Constr. rmsd
    2.99590e+02   -4.27092e+02    6.46083e-06

           Step           Time
          26500       53.00000

   Energies (kJ/mol)
           Bond            U-B    Proper Dih.  Improper Dih.      CMAP Dih.
    5.83965e+03    1.59508e+04    2.09074e+04    4.79239e+02   -2.19592e+02
          LJ-14     Coulomb-14        LJ (SR)   Coulomb (SR)   Coul. recip.
    8.74853e+03   -1.44852e+04    9.88882e+05   -1.03908e+07    3.12348e+04
 Position Rest.      Potential    Kinetic En.   Total Energy  Conserved En.
    1.40579e+03   -9.33206e+06    1.71455e+06   -7.61751e+06   -9.72059e+06
    Temperature Pressure (bar)   Constr. rmsd
    2.99949e+02   -4.75756e+02    6.32465e-06

           Step           Time
          27000       54.00000

   Energies (kJ/mol)
           Bond            U-B    Proper Dih.  Improper Dih.      CMAP Dih.
    5.71859e+03    1.61107e+04    2.08056e+04    4.96149e+02   -2.16772e+02
          LJ-14     Coulomb-14        LJ (SR)   Coulomb (SR)   Coul. recip.
    8.68201e+03   -1.46761e+04    9.92420e+05   -1.03966e+07    3.10431e+04
 Position Rest.      Potential    Kinetic En.   Total Energy  Conserved En.
    1.37550e+03   -9.33488e+06    1.71445e+06   -7.62044e+06   -9.72042e+06
    Temperature Pressure (bar)   Constr. rmsd
    2.99931e+02   -5.25953e+02    6.45502e-06

           Step           Time
          27500       55.00000

   Energies (kJ/mol)
           Bond            U-B    Proper Dih.  Improper Dih.      CMAP Dih.
    5.77065e+03    1.61638e+04    2.09588e+04    4.98753e+02   -2.28642e+02
          LJ-14     Coulomb-14        LJ (SR)   Coulomb (SR)   Coul. recip.
    8.67179e+03   -1.44949e+04    9.93154e+05   -1.03909e+07    3.12312e+04
 Position Rest.      Potential    Kinetic En.   Total Energy  Conserved En.
    1.44818e+03   -9.32769e+06    1.71754e+06   -7.61015e+06   -9.72026e+06
    Temperature Pressure (bar)   Constr. rmsd
    3.00471e+02   -5.27861e+02    6.35147e-06

           Step           Time
          28000       56.00000

   Energies (kJ/mol)
           Bond            U-B    Proper Dih.  Improper Dih.      CMAP Dih.
    5.90298e+03    1.59187e+04    2.08083e+04    4.82406e+02   -2.09400e+02
          LJ-14     Coulomb-14        LJ (SR)   Coulomb (SR)   Coul. recip.
    8.66228e+03   -1.47548e+04    9.95390e+05   -1.04031e+07    3.15700e+04
 Position Rest.      Potential    Kinetic En.   Total Energy  Conserved En.
    1.39058e+03   -9.33790e+06    1.71471e+06   -7.62318e+06   -9.72003e+06
    Temperature Pressure (bar)   Constr. rmsd
    2.99977e+02   -5.11901e+02    6.54965e-06

           Step           Time
          28500       57.00000

   Energies (kJ/mol)
           Bond            U-B    Proper Dih.  Improper Dih.      CMAP Dih.
    5.73662e+03    1.63665e+04    2.10222e+04    5.15940e+02   -2.74069e+02
          LJ-14     Coulomb-14        LJ (SR)   Coulomb (SR)   Coul. recip.
    8.70960e+03   -1.44809e+04    9.95252e+05   -1.03921e+07    3.09202e+04
 Position Rest.      Potential    Kinetic En.   Total Energy  Conserved En.
    1.34903e+03   -9.32698e+06    1.71065e+06   -7.61633e+06   -9.71988e+06
    Temperature Pressure (bar)   Constr. rmsd
    2.99266e+02   -4.79860e+02    6.42670e-06

           Step           Time
          29000       58.00000

   Energies (kJ/mol)
           Bond            U-B    Proper Dih.  Improper Dih.      CMAP Dih.
    5.90586e+03    1.64064e+04    2.09525e+04    5.42656e+02   -2.84842e+02
          LJ-14     Coulomb-14        LJ (SR)   Coulomb (SR)   Coul. recip.
    8.68047e+03   -1.46736e+04    9.87009e+05   -1.03844e+07    3.14014e+04
 Position Rest.      Potential    Kinetic En.   Total Energy  Conserved En.
    1.36899e+03   -9.32710e+06    1.71204e+06   -7.61506e+06   -9.71971e+06
    Temperature Pressure (bar)   Constr. rmsd
    2.99509e+02   -5.66986e+02    6.37700e-06

           Step           Time
          29500       59.00000

   Energies (kJ/mol)
           Bond            U-B    Proper Dih.  Improper Dih.      CMAP Dih.
    5.75102e+03    1.61492e+04    2.08120e+04    5.24043e+02   -2.29447e+02
          LJ-14     Coulomb-14        LJ (SR)   Coulomb (SR)   Coul. recip.
    8.65243e+03   -1.48768e+04    9.96038e+05   -1.04002e+07    3.08752e+04
 Position Rest.      Potential    Kinetic En.   Total Energy  Conserved En.
    1.32437e+03   -9.33514e+06    1.71319e+06   -7.62196e+06   -9.71961e+06
    Temperature Pressure (bar)   Constr. rmsd
    2.99710e+02   -5.45548e+02    6.15010e-06

           Step           Time
          30000       60.00000

   Energies (kJ/mol)
           Bond            U-B    Proper Dih.  Improper Dih.      CMAP Dih.
    5.76102e+03    1.63509e+04    2.08282e+04    4.96366e+02   -1.94034e+02
          LJ-14     Coulomb-14        LJ (SR)   Coulomb (SR)   Coul. recip.
    8.74106e+03   -1.49243e+04    9.94330e+05   -1.03977e+07    3.08125e+04
 Position Rest.      Potential    Kinetic En.   Total Energy  Conserved En.
    1.43211e+03   -9.33408e+06    1.71576e+06   -7.61833e+06   -9.71944e+06
    Temperature Pressure (bar)   Constr. rmsd
    3.00159e+02   -4.40059e+02    6.31405e-06

           Step           Time
          30500       61.00000

   Energies (kJ/mol)
           Bond            U-B    Proper Dih.  Improper Dih.      CMAP Dih.
    5.87991e+03    1.62320e+04    2.10483e+04    5.76260e+02   -1.91476e+02
          LJ-14     Coulomb-14        LJ (SR)   Coulomb (SR)   Coul. recip.
    8.63107e+03   -1.45431e+04    9.94016e+05   -1.03956e+07    3.11700e+04
 Position Rest.      Potential    Kinetic En.   Total Energy  Conserved En.
    1.48901e+03   -9.33129e+06    1.71706e+06   -7.61423e+06   -9.71924e+06
    Temperature Pressure (bar)   Constr. rmsd
    3.00387e+02   -4.62959e+02    6.28661e-06

           Step           Time
          31000       62.00000

   Energies (kJ/mol)
           Bond            U-B    Proper Dih.  Improper Dih.      CMAP Dih.
    5.79840e+03    1.60077e+04    2.09087e+04    5.06597e+02   -2.27217e+02
          LJ-14     Coulomb-14        LJ (SR)   Coulomb (SR)   Coul. recip.
    8.67851e+03   -1.44998e+04    9.94664e+05   -1.03998e+07    3.12715e+04
 Position Rest.      Potential    Kinetic En.   Total Energy  Conserved En.
    1.36006e+03   -9.33530e+06    1.70961e+06   -7.62568e+06   -9.71905e+06
    Temperature Pressure (bar)   Constr. rmsd
    2.99085e+02   -4.74425e+02    6.42299e-06

           Step           Time
          31500       63.00000

   Energies (kJ/mol)
           Bond            U-B    Proper Dih.  Improper Dih.      CMAP Dih.
    5.88180e+03    1.60252e+04    2.08828e+04    4.90605e+02   -2.06590e+02
          LJ-14     Coulomb-14        LJ (SR)   Coulomb (SR)   Coul. recip.
    8.77339e+03   -1.45901e+04    9.93952e+05   -1.03944e+07    3.10394e+04
 Position Rest.      Potential    Kinetic En.   Total Energy  Conserved En.
    1.39315e+03   -9.33078e+06    1.71370e+06   -7.61708e+06   -9.71892e+06
    Temperature Pressure (bar)   Constr. rmsd
    2.99800e+02   -4.44458e+02    6.46697e-06

           Step           Time
          32000       64.00000

   Energies (kJ/mol)
           Bond            U-B    Proper Dih.  Improper Dih.      CMAP Dih.
    5.99126e+03    1.61199e+04    2.09829e+04    5.37221e+02   -2.67082e+02
          LJ-14     Coulomb-14        LJ (SR)   Coulomb (SR)   Coul. recip.
    8.74683e+03   -1.50213e+04    9.92831e+05   -1.03892e+07    3.11181e+04
 Position Rest.      Potential    Kinetic En.   Total Energy  Conserved En.
    1.35785e+03   -9.32684e+06    1.71574e+06   -7.61109e+06   -9.71877e+06
    Temperature Pressure (bar)   Constr. rmsd
    3.00157e+02   -4.42042e+02    6.23314e-06

           Step           Time
          32500       65.00000

   Energies (kJ/mol)
           Bond            U-B    Proper Dih.  Improper Dih.      CMAP Dih.
    5.98227e+03    1.61293e+04    2.09498e+04    5.04812e+02   -2.52827e+02
          LJ-14     Coulomb-14        LJ (SR)   Coulomb (SR)   Coul. recip.
    8.87135e+03   -1.47522e+04    9.93446e+05   -1.03904e+07    3.11912e+04
 Position Rest.      Potential    Kinetic En.   Total Energy  Conserved En.
    1.39156e+03   -9.32692e+06    1.71348e+06   -7.61344e+06   -9.71855e+06
    Temperature Pressure (bar)   Constr. rmsd
    2.99761e+02   -4.06815e+02    6.17534e-06

           Step           Time
          33000       66.00000

   Energies (kJ/mol)
           Bond            U-B    Proper Dih.  Improper Dih.      CMAP Dih.
    5.70392e+03    1.68079e+04    2.08064e+04    5.33983e+02   -2.57788e+02
          LJ-14     Coulomb-14        LJ (SR)   Coulomb (SR)   Coul. recip.
    8.58261e+03   -1.49388e+04    9.94683e+05   -1.03913e+07    3.10493e+04
 Position Rest.      Potential    Kinetic En.   Total Energy  Conserved En.
    1.38115e+03   -9.32695e+06    1.71745e+06   -7.60950e+06   -9.71839e+06
    Temperature Pressure (bar)   Constr. rmsd
    3.00456e+02   -4.59416e+02    6.42838e-06

           Step           Time
          33500       67.00000

   Energies (kJ/mol)
           Bond            U-B    Proper Dih.  Improper Dih.      CMAP Dih.
    5.89483e+03    1.59822e+04    2.08698e+04    4.80692e+02   -2.68737e+02
          LJ-14     Coulomb-14        LJ (SR)   Coulomb (SR)   Coul. recip.
    8.58156e+03   -1.46721e+04    9.92319e+05   -1.03941e+07    3.11846e+04
 Position Rest.      Potential    Kinetic En.   Total Energy  Conserved En.
    1.37755e+03   -9.33239e+06    1.71748e+06   -7.61491e+06   -9.71836e+06
    Temperature Pressure (bar)   Constr. rmsd
    3.00461e+02   -4.51522e+02    6.39275e-06

Writing checkpoint, step 33760 at Sun Sep 28 18:37:26 2025


           Step           Time
          34000       68.00000

   Energies (kJ/mol)
           Bond            U-B    Proper Dih.  Improper Dih.      CMAP Dih.
    5.89791e+03    1.62529e+04    2.09895e+04    5.18826e+02   -2.14665e+02
          LJ-14     Coulomb-14        LJ (SR)   Coulomb (SR)   Coul. recip.
    8.73084e+03   -1.47704e+04    9.93022e+05   -1.03919e+07    3.10102e+04
 Position Rest.      Potential    Kinetic En.   Total Energy  Conserved En.
    1.38097e+03   -9.32912e+06    1.71241e+06   -7.61672e+06   -9.71808e+06
    Temperature Pressure (bar)   Constr. rmsd
    2.99574e+02   -4.43727e+02    6.29701e-06

           Step           Time
          34500       69.00000

   Energies (kJ/mol)
           Bond            U-B    Proper Dih.  Improper Dih.      CMAP Dih.
    5.84001e+03    1.63799e+04    2.08986e+04    4.74353e+02   -1.91649e+02
          LJ-14     Coulomb-14        LJ (SR)   Coulomb (SR)   Coul. recip.
    8.58151e+03   -1.44860e+04    9.94229e+05   -1.03946e+07    3.10745e+04
 Position Rest.      Potential    Kinetic En.   Total Energy  Conserved En.
    1.30769e+03   -9.33052e+06    1.71126e+06   -7.61926e+06   -9.71785e+06
    Temperature Pressure (bar)   Constr. rmsd
    2.99372e+02   -4.75837e+02    6.39843e-06

           Step           Time
          35000       70.00000

   Energies (kJ/mol)
           Bond            U-B    Proper Dih.  Improper Dih.      CMAP Dih.
    5.63162e+03    1.61092e+04    2.08456e+04    4.75694e+02   -1.99614e+02
          LJ-14     Coulomb-14        LJ (SR)   Coulomb (SR)   Coul. recip.
    8.81223e+03   -1.45184e+04    9.92254e+05   -1.03974e+07    3.09867e+04
 Position Rest.      Potential    Kinetic En.   Total Energy  Conserved En.
    1.42612e+03   -9.33562e+06    1.71478e+06   -7.62083e+06   -9.71777e+06
    Temperature Pressure (bar)   Constr. rmsd
    2.99989e+02   -6.51616e+02    6.52443e-06

           Step           Time
          35500       71.00000

   Energies (kJ/mol)
           Bond            U-B    Proper Dih.  Improper Dih.      CMAP Dih.
    5.78647e+03    1.60297e+04    2.08760e+04    4.85662e+02   -2.18515e+02
          LJ-14     Coulomb-14        LJ (SR)   Coulomb (SR)   Coul. recip.
    8.77082e+03   -1.46402e+04    9.90229e+05   -1.03901e+07    3.12650e+04
 Position Rest.      Potential    Kinetic En.   Total Energy  Conserved En.
    1.35387e+03   -9.33012e+06    1.71250e+06   -7.61761e+06   -9.71762e+06
    Temperature Pressure (bar)   Constr. rmsd
    2.99590e+02   -3.77256e+02    6.41150e-06

           Step           Time
          36000       72.00000

   Energies (kJ/mol)
           Bond            U-B    Proper Dih.  Improper Dih.      CMAP Dih.
    5.84925e+03    1.59052e+04    2.09381e+04    5.65643e+02   -2.17103e+02
          LJ-14     Coulomb-14        LJ (SR)   Coulomb (SR)   Coul. recip.
    8.78639e+03   -1.44270e+04    9.94370e+05   -1.03902e+07    3.10289e+04
 Position Rest.      Potential    Kinetic En.   Total Energy  Conserved En.
    1.39029e+03   -9.32599e+06    1.71573e+06   -7.61026e+06   -9.71744e+06
    Temperature Pressure (bar)   Constr. rmsd
    3.00154e+02   -5.27963e+02    6.36918e-06

           Step           Time
          36500       73.00000

   Energies (kJ/mol)
           Bond            U-B    Proper Dih.  Improper Dih.      CMAP Dih.
    5.83326e+03    1.60977e+04    2.08735e+04    5.23322e+02   -2.48657e+02
          LJ-14     Coulomb-14        LJ (SR)   Coulomb (SR)   Coul. recip.
    8.82066e+03   -1.47909e+04    9.93035e+05   -1.03964e+07    3.09816e+04
 Position Rest.      Potential    Kinetic En.   Total Energy  Conserved En.
    1.32664e+03   -9.33398e+06    1.71705e+06   -7.61693e+06   -9.71730e+06
    Temperature Pressure (bar)   Constr. rmsd
    3.00386e+02   -4.84237e+02    6.07333e-06

           Step           Time
          37000       74.00000

   Energies (kJ/mol)
           Bond            U-B    Proper Dih.  Improper Dih.      CMAP Dih.
    5.80597e+03    1.61937e+04    2.09284e+04    5.18123e+02   -1.82929e+02
          LJ-14     Coulomb-14        LJ (SR)   Coulomb (SR)   Coul. recip.
    8.69690e+03   -1.45941e+04    9.94490e+05   -1.03975e+07    3.14488e+04
 Position Rest.      Potential    Kinetic En.   Total Energy  Conserved En.
    1.37438e+03   -9.33279e+06    1.71531e+06   -7.61748e+06   -9.71710e+06
    Temperature Pressure (bar)   Constr. rmsd
    3.00081e+02   -2.57560e+02    6.27963e-06

           Step           Time
          37500       75.00000

   Energies (kJ/mol)
           Bond            U-B    Proper Dih.  Improper Dih.      CMAP Dih.
    5.90022e+03    1.63513e+04    2.07301e+04    4.87604e+02   -1.57465e+02
          LJ-14     Coulomb-14        LJ (SR)   Coulomb (SR)   Coul. recip.
    8.72359e+03   -1.46381e+04    9.91390e+05   -1.03917e+07    3.11803e+04
 Position Rest.      Potential    Kinetic En.   Total Energy  Conserved En.
    1.43868e+03   -9.33026e+06    1.71636e+06   -7.61390e+06   -9.71688e+06
    Temperature Pressure (bar)   Constr. rmsd
    3.00266e+02   -4.72286e+02    6.39266e-06

           Step           Time
          38000       76.00000

   Energies (kJ/mol)
           Bond            U-B    Proper Dih.  Improper Dih.      CMAP Dih.
    5.88690e+03    1.63225e+04    2.08299e+04    5.07149e+02   -2.00615e+02
          LJ-14     Coulomb-14        LJ (SR)   Coulomb (SR)   Coul. recip.
    8.58356e+03   -1.46088e+04    9.95450e+05   -1.03922e+07    3.10753e+04
 Position Rest.      Potential    Kinetic En.   Total Energy  Conserved En.
    1.45911e+03   -9.32688e+06    1.71630e+06   -7.61058e+06   -9.71675e+06
    Temperature Pressure (bar)   Constr. rmsd
    3.00254e+02   -3.43227e+02    6.28657e-06

           Step           Time
          38500       77.00000

   Energies (kJ/mol)
           Bond            U-B    Proper Dih.  Improper Dih.      CMAP Dih.
    5.82360e+03    1.63635e+04    2.08229e+04    5.26607e+02   -2.25187e+02
          LJ-14     Coulomb-14        LJ (SR)   Coulomb (SR)   Coul. recip.
    8.53864e+03   -1.50209e+04    9.88841e+05   -1.03848e+07    3.11973e+04
 Position Rest.      Potential    Kinetic En.   Total Energy  Conserved En.
    1.42465e+03   -9.32650e+06    1.71346e+06   -7.61304e+06   -9.71663e+06
    Temperature Pressure (bar)   Constr. rmsd
    2.99757e+02   -4.02745e+02    6.31050e-06

           Step           Time
          39000       78.00000

   Energies (kJ/mol)
           Bond            U-B    Proper Dih.  Improper Dih.      CMAP Dih.
    5.92609e+03    1.62566e+04    2.09099e+04    4.29036e+02   -1.98718e+02
          LJ-14     Coulomb-14        LJ (SR)   Coulomb (SR)   Coul. recip.
    8.63708e+03   -1.48129e+04    9.97241e+05   -1.03988e+07    3.09492e+04
 Position Rest.      Potential    Kinetic En.   Total Energy  Conserved En.
    1.44727e+03   -9.33203e+06    1.71646e+06   -7.61557e+06   -9.71641e+06
    Temperature Pressure (bar)   Constr. rmsd
    3.00282e+02   -3.89115e+02    6.36403e-06

           Step           Time
          39500       79.00000

   Energies (kJ/mol)
           Bond            U-B    Proper Dih.  Improper Dih.      CMAP Dih.
    5.83333e+03    1.62999e+04    2.08804e+04    5.31093e+02   -2.07713e+02
          LJ-14     Coulomb-14        LJ (SR)   Coulomb (SR)   Coul. recip.
    8.73295e+03   -1.44958e+04    9.94115e+05   -1.03918e+07    3.08376e+04
 Position Rest.      Potential    Kinetic En.   Total Energy  Conserved En.
    1.38703e+03   -9.32791e+06    1.71863e+06   -7.60929e+06   -9.71628e+06
    Temperature Pressure (bar)   Constr. rmsd
    3.00661e+02   -4.05244e+02    6.17528e-06

           Step           Time
          40000       80.00000

   Energies (kJ/mol)
           Bond            U-B    Proper Dih.  Improper Dih.      CMAP Dih.
    6.09353e+03    1.62529e+04    2.08271e+04    4.87412e+02   -2.02274e+02
          LJ-14     Coulomb-14        LJ (SR)   Coulomb (SR)   Coul. recip.
    8.69163e+03   -1.48505e+04    9.93457e+05   -1.03942e+07    3.10571e+04
 Position Rest.      Potential    Kinetic En.   Total Energy  Conserved En.
    1.43031e+03   -9.33093e+06    1.71690e+06   -7.61403e+06   -9.71612e+06
    Temperature Pressure (bar)   Constr. rmsd
    3.00359e+02   -4.01567e+02    6.17345e-06

           Step           Time
          40500       81.00000

   Energies (kJ/mol)
           Bond            U-B    Proper Dih.  Improper Dih.      CMAP Dih.
    5.96460e+03    1.61315e+04    2.07182e+04    5.03634e+02   -1.95501e+02
          LJ-14     Coulomb-14        LJ (SR)   Coulomb (SR)   Coul. recip.
    8.66853e+03   -1.48730e+04    9.99179e+05   -1.04019e+07    3.11017e+04
 Position Rest.      Potential    Kinetic En.   Total Energy  Conserved En.
    1.36422e+03   -9.33337e+06    1.71424e+06   -7.61913e+06   -9.71597e+06
    Temperature Pressure (bar)   Constr. rmsd
    2.99894e+02   -4.65489e+02    6.35834e-06

           Step           Time
          41000       82.00000

   Energies (kJ/mol)
           Bond            U-B    Proper Dih.  Improper Dih.      CMAP Dih.
    5.89808e+03    1.62891e+04    2.07341e+04    4.86851e+02   -2.58967e+02
          LJ-14     Coulomb-14        LJ (SR)   Coulomb (SR)   Coul. recip.
    8.78966e+03   -1.47756e+04    9.94935e+05   -1.03947e+07    3.10589e+04
 Position Rest.      Potential    Kinetic En.   Total Energy  Conserved En.
    1.48844e+03   -9.33004e+06    1.71330e+06   -7.61675e+06   -9.71576e+06
    Temperature Pressure (bar)   Constr. rmsd
    2.99729e+02   -3.64354e+02    6.21735e-06

           Step           Time
          41500       83.00000

   Energies (kJ/mol)
           Bond            U-B    Proper Dih.  Improper Dih.      CMAP Dih.
    5.72294e+03    1.59901e+04    2.08357e+04    4.75921e+02   -2.14124e+02
          LJ-14     Coulomb-14        LJ (SR)   Coulomb (SR)   Coul. recip.
    8.74067e+03   -1.46330e+04    9.86288e+05   -1.03890e+07    3.12594e+04
 Position Rest.      Potential    Kinetic En.   Total Energy  Conserved En.
    1.39688e+03   -9.33314e+06    1.71229e+06   -7.62084e+06   -9.71560e+06
    Temperature Pressure (bar)   Constr. rmsd
    2.99553e+02   -6.11065e+02    6.13971e-06

           Step           Time
          42000       84.00000

   Energies (kJ/mol)
           Bond            U-B    Proper Dih.  Improper Dih.      CMAP Dih.
    5.80635e+03    1.62788e+04    2.09448e+04    5.61523e+02   -2.19678e+02
          LJ-14     Coulomb-14        LJ (SR)   Coulomb (SR)   Coul. recip.
    8.65555e+03   -1.47676e+04    9.95557e+05   -1.03960e+07    3.10001e+04
 Position Rest.      Potential    Kinetic En.   Total Energy  Conserved En.
    1.29626e+03   -9.33088e+06    1.71315e+06   -7.61773e+06   -9.71547e+06
    Temperature Pressure (bar)   Constr. rmsd
    2.99703e+02   -6.24340e+02    6.33193e-06

           Step           Time
          42500       85.00000

   Energies (kJ/mol)
           Bond            U-B    Proper Dih.  Improper Dih.      CMAP Dih.
    5.78532e+03    1.60776e+04    2.09362e+04    5.06711e+02   -2.36055e+02
          LJ-14     Coulomb-14        LJ (SR)   Coulomb (SR)   Coul. recip.
    8.65159e+03   -1.47541e+04    9.94722e+05   -1.03922e+07    3.11515e+04
 Position Rest.      Potential    Kinetic En.   Total Energy  Conserved En.
    1.33960e+03   -9.32806e+06    1.71194e+06   -7.61612e+06   -9.71531e+06
    Temperature Pressure (bar)   Constr. rmsd
    2.99492e+02   -3.88972e+02    6.55307e-06

           Step           Time
          43000       86.00000

   Energies (kJ/mol)
           Bond            U-B    Proper Dih.  Improper Dih.      CMAP Dih.
    5.86106e+03    1.57339e+04    2.09412e+04    4.83053e+02   -1.74268e+02
          LJ-14     Coulomb-14        LJ (SR)   Coulomb (SR)   Coul. recip.
    8.83278e+03   -1.45669e+04    9.96446e+05   -1.04008e+07    3.10655e+04
 Position Rest.      Potential    Kinetic En.   Total Energy  Conserved En.
    1.37229e+03   -9.33485e+06    1.71169e+06   -7.62316e+06   -9.71509e+06
    Temperature Pressure (bar)   Constr. rmsd
    2.99447e+02   -4.45976e+02    6.33979e-06

           Step           Time
          43500       87.00000

   Energies (kJ/mol)
           Bond            U-B    Proper Dih.  Improper Dih.      CMAP Dih.
    5.86283e+03    1.62667e+04    2.08750e+04    5.05341e+02   -2.22998e+02
          LJ-14     Coulomb-14        LJ (SR)   Coulomb (SR)   Coul. recip.
    8.75880e+03   -1.45364e+04    9.91582e+05   -1.03917e+07    3.10142e+04
 Position Rest.      Potential    Kinetic En.   Total Energy  Conserved En.
    1.39931e+03   -9.33015e+06    1.71386e+06   -7.61629e+06   -9.71496e+06
    Temperature Pressure (bar)   Constr. rmsd
    2.99827e+02   -5.09678e+02    6.27679e-06

           Step           Time
          44000       88.00000

   Energies (kJ/mol)
           Bond            U-B    Proper Dih.  Improper Dih.      CMAP Dih.
    5.91058e+03    1.64649e+04    2.08937e+04    4.83122e+02   -2.53307e+02
          LJ-14     Coulomb-14        LJ (SR)   Coulomb (SR)   Coul. recip.
    8.65375e+03   -1.50469e+04    9.95092e+05   -1.03963e+07    3.13487e+04
 Position Rest.      Potential    Kinetic En.   Total Energy  Conserved En.
    1.44009e+03   -9.33134e+06    1.71415e+06   -7.61720e+06   -9.71476e+06
    Temperature Pressure (bar)   Constr. rmsd
    2.99878e+02   -4.33827e+02    6.25998e-06

           Step           Time
          44500       89.00000

   Energies (kJ/mol)
           Bond            U-B    Proper Dih.  Improper Dih.      CMAP Dih.
    5.97595e+03    1.61009e+04    2.08792e+04    4.75707e+02   -1.93365e+02
          LJ-14     Coulomb-14        LJ (SR)   Coulomb (SR)   Coul. recip.
    8.67961e+03   -1.45144e+04    9.92561e+05   -1.03884e+07    3.11812e+04
 Position Rest.      Potential    Kinetic En.   Total Energy  Conserved En.
    1.34144e+03   -9.32595e+06    1.71291e+06   -7.61304e+06   -9.71462e+06
    Temperature Pressure (bar)   Constr. rmsd
    2.99661e+02   -5.00178e+02    6.60398e-06

           Step           Time
          45000       90.00000

   Energies (kJ/mol)
           Bond            U-B    Proper Dih.  Improper Dih.      CMAP Dih.
    5.66108e+03    1.60661e+04    2.07717e+04    5.04788e+02   -1.92014e+02
          LJ-14     Coulomb-14        LJ (SR)   Coulomb (SR)   Coul. recip.
    8.73159e+03   -1.43076e+04    9.96310e+05   -1.04001e+07    3.09332e+04
 Position Rest.      Potential    Kinetic En.   Total Energy  Conserved En.
    1.42097e+03   -9.33422e+06    1.71330e+06   -7.62092e+06   -9.71446e+06
    Temperature Pressure (bar)   Constr. rmsd
    2.99729e+02   -4.29269e+02    6.32746e-06

Writing checkpoint, step 45200 at Sun Sep 28 18:52:23 2025


           Step           Time
          45500       91.00000

   Energies (kJ/mol)
           Bond            U-B    Proper Dih.  Improper Dih.      CMAP Dih.
    5.84243e+03    1.63542e+04    2.07817e+04    4.95700e+02   -2.32711e+02
          LJ-14     Coulomb-14        LJ (SR)   Coulomb (SR)   Coul. recip.
    8.71732e+03   -1.48606e+04    9.94360e+05   -1.03997e+07    3.12618e+04
 Position Rest.      Potential    Kinetic En.   Total Energy  Conserved En.
    1.36173e+03   -9.33562e+06    1.71287e+06   -7.62276e+06   -9.71422e+06
    Temperature Pressure (bar)   Constr. rmsd
    2.99654e+02   -4.01372e+02    6.27411e-06

           Step           Time
          46000       92.00000

   Energies (kJ/mol)
           Bond            U-B    Proper Dih.  Improper Dih.      CMAP Dih.
    5.89686e+03    1.59818e+04    2.08183e+04    4.97856e+02   -2.22123e+02
          LJ-14     Coulomb-14        LJ (SR)   Coulomb (SR)   Coul. recip.
    8.86128e+03   -1.45269e+04    9.96499e+05   -1.03984e+07    3.12042e+04
 Position Rest.      Potential    Kinetic En.   Total Energy  Conserved En.
    1.43357e+03   -9.33197e+06    1.71328e+06   -7.61869e+06   -9.71407e+06
    Temperature Pressure (bar)   Constr. rmsd
    2.99727e+02   -4.55766e+02    6.33356e-06

           Step           Time
          46500       93.00000

   Energies (kJ/mol)
           Bond            U-B    Proper Dih.  Improper Dih.      CMAP Dih.
    5.81452e+03    1.59132e+04    2.07593e+04    4.51521e+02   -1.97544e+02
          LJ-14     Coulomb-14        LJ (SR)   Coulomb (SR)   Coul. recip.
    8.92944e+03   -1.44380e+04    9.91353e+05   -1.03900e+07    3.11824e+04
 Position Rest.      Potential    Kinetic En.   Total Energy  Conserved En.
    1.47845e+03   -9.32878e+06    1.71387e+06   -7.61492e+06   -9.71396e+06
    Temperature Pressure (bar)   Constr. rmsd
    2.99829e+02   -5.15385e+02    6.28207e-06

           Step           Time
          47000       94.00000

   Energies (kJ/mol)
           Bond            U-B    Proper Dih.  Improper Dih.      CMAP Dih.
    6.02769e+03    1.66331e+04    2.07641e+04    4.86364e+02   -2.18548e+02
          LJ-14     Coulomb-14        LJ (SR)   Coulomb (SR)   Coul. recip.
    8.66710e+03   -1.48706e+04    9.94733e+05   -1.03920e+07    3.09965e+04
 Position Rest.      Potential    Kinetic En.   Total Energy  Conserved En.
    1.48270e+03   -9.32733e+06    1.71616e+06   -7.61118e+06   -9.71378e+06
    Temperature Pressure (bar)   Constr. rmsd
    3.00229e+02   -5.19445e+02    6.39155e-06

           Step           Time
          47500       95.00000

   Energies (kJ/mol)
           Bond            U-B    Proper Dih.  Improper Dih.      CMAP Dih.
    5.97370e+03    1.63272e+04    2.09303e+04    5.46697e+02   -2.50934e+02
          LJ-14     Coulomb-14        LJ (SR)   Coulomb (SR)   Coul. recip.
    8.66174e+03   -1.45760e+04    9.99418e+05   -1.03986e+07    3.09474e+04
 Position Rest.      Potential    Kinetic En.   Total Energy  Conserved En.
    1.42333e+03   -9.32922e+06    1.71805e+06   -7.61117e+06   -9.71360e+06
    Temperature Pressure (bar)   Constr. rmsd
    3.00560e+02   -4.33475e+02    6.16565e-06

           Step           Time
          48000       96.00000

   Energies (kJ/mol)
           Bond            U-B    Proper Dih.  Improper Dih.      CMAP Dih.
    5.76998e+03    1.62273e+04    2.08298e+04    4.73743e+02   -2.64851e+02
          LJ-14     Coulomb-14        LJ (SR)   Coulomb (SR)   Coul. recip.
    8.76764e+03   -1.46642e+04    9.98976e+05   -1.03975e+07    3.11351e+04
 Position Rest.      Potential    Kinetic En.   Total Energy  Conserved En.
    1.38246e+03   -9.32884e+06    1.71331e+06   -7.61553e+06   -9.71343e+06
    Temperature Pressure (bar)   Constr. rmsd
    2.99731e+02   -4.51869e+02    6.23413e-06

           Step           Time
          48500       97.00000

   Energies (kJ/mol)
           Bond            U-B    Proper Dih.  Improper Dih.      CMAP Dih.
    5.68655e+03    1.64296e+04    2.08901e+04    4.89419e+02   -2.75052e+02
          LJ-14     Coulomb-14        LJ (SR)   Coulomb (SR)   Coul. recip.
    8.62042e+03   -1.44926e+04    9.95655e+05   -1.03918e+07    3.11603e+04
 Position Rest.      Potential    Kinetic En.   Total Energy  Conserved En.
    1.48006e+03   -9.32611e+06    1.71259e+06   -7.61353e+06   -9.71320e+06
    Temperature Pressure (bar)   Constr. rmsd
    2.99605e+02   -5.03876e+02    6.29095e-06

           Step           Time
          49000       98.00000

   Energies (kJ/mol)
           Bond            U-B    Proper Dih.  Improper Dih.      CMAP Dih.
    5.82096e+03    1.61930e+04    2.09500e+04    5.05605e+02   -2.26158e+02
          LJ-14     Coulomb-14        LJ (SR)   Coulomb (SR)   Coul. recip.
    8.61248e+03   -1.45444e+04    9.91682e+05   -1.03941e+07    3.10044e+04
 Position Rest.      Potential    Kinetic En.   Total Energy  Conserved En.
    1.30819e+03   -9.33278e+06    1.71478e+06   -7.61800e+06   -9.71309e+06
    Temperature Pressure (bar)   Constr. rmsd
    2.99988e+02   -5.23034e+02    6.34647e-06

           Step           Time
          49500       99.00000

   Energies (kJ/mol)
           Bond            U-B    Proper Dih.  Improper Dih.      CMAP Dih.
    5.84950e+03    1.62725e+04    2.07605e+04    5.04689e+02   -2.26521e+02
          LJ-14     Coulomb-14        LJ (SR)   Coulomb (SR)   Coul. recip.
    8.67780e+03   -1.48389e+04    9.89943e+05   -1.03898e+07    3.11509e+04
 Position Rest.      Potential    Kinetic En.   Total Energy  Conserved En.
    1.32728e+03   -9.33041e+06    1.71669e+06   -7.61372e+06   -9.71292e+06
    Temperature Pressure (bar)   Constr. rmsd
    3.00322e+02   -4.89561e+02    6.40296e-06

           Step           Time
          50000      100.00000

Writing checkpoint, step 50000 at Sun Sep 28 18:58:42 2025


   Energies (kJ/mol)
           Bond            U-B    Proper Dih.  Improper Dih.      CMAP Dih.
    5.65589e+03    1.65456e+04    2.08402e+04    5.38293e+02   -2.24573e+02
          LJ-14     Coulomb-14        LJ (SR)   Coulomb (SR)   Coul. recip.
    8.78190e+03   -1.48938e+04    9.92018e+05   -1.03898e+07    3.10387e+04
 Position Rest.      Potential    Kinetic En.   Total Energy  Conserved En.
    1.33217e+03   -9.32821e+06    1.71378e+06   -7.61443e+06   -9.71277e+06
    Temperature Pressure (bar)   Constr. rmsd
    2.99814e+02   -4.91553e+02    6.18883e-06


Energy conservation over simulation part #1 of length 100 ps, time 0 to 100 ps
  Conserved energy drift: 3.94e-04 kJ/mol/ps per atom


	<======  ###############  ==>
	<====  A V E R A G E S  ====>
	<==  ###############  ======>

	Statistics over 50001 steps using 501 frames

   Energies (kJ/mol)
           Bond            U-B    Proper Dih.  Improper Dih.      CMAP Dih.
    5.82440e+03    1.61840e+04    2.09224e+04    5.00409e+02   -2.15475e+02
          LJ-14     Coulomb-14        LJ (SR)   Coulomb (SR)   Coul. recip.
    8.72273e+03   -1.47347e+04    9.95496e+05   -1.04026e+07    3.10462e+04
 Position Rest.      Potential    Kinetic En.   Total Energy  Conserved En.
    1.39300e+03   -9.33751e+06    1.71304e+06   -7.62447e+06   -9.72113e+06
    Temperature Pressure (bar)   Constr. rmsd
    2.99683e+02   -4.83717e+02    0.00000e+00

   Total Virial (kJ/mol)
    6.71974e+05   -1.17606e+01    4.97235e+00
   -1.45968e+01    6.73678e+05   -1.50022e+02
    3.52486e+00   -1.48152e+02    6.72318e+05

   Pressure (bar)
   -4.80297e+02    2.74119e-02   -3.65808e-02
    4.09090e-02   -4.88995e+02    1.05046e-01
   -2.96923e-02    9.61450e-02   -4.81860e+02

  T-Protein_DNAT-Water_and_ions
    2.99807e+02    2.99682e+02


	M E G A - F L O P S   A C C O U N T I N G

 NB=Group-cutoff nonbonded kernels    NxN=N-by-N cluster Verlet kernels
 RF=Reaction-Field  VdW=Van der Waals  QSTab=quadratic-spline table
 W3=SPC/TIP3p  W4=TIP4p (single or pairs)
 V&F=Potential and force  V=Potential only  F=Force only

 Computing:                               M-Number         M-Flops  % Flops
-----------------------------------------------------------------------------
 Pair Search distance check          228581.343700     2057232.093     0.1
 NxN Ewald Elec. + LJ [F]          31671473.662144  2470374945.647    94.5
 NxN Ewald Elec. + LJ [V&F]          320556.548576    41351794.766     1.6
 NxN Ewald Elec. [F]                 283952.258080    17321087.743     0.7
 NxN Ewald Elec. [V&F]                 2872.899712      241323.576     0.0
 1,4 nonbonded interactions             715.764315       64418.788     0.0
 Calc Weights                        102875.507469     3703518.269     0.1
 Spread Q Bspline                   2194677.492672     4389354.985     0.2
 Gather F Bspline                   2194677.492672    13168064.956     0.5
 3D-FFT                             6422912.655684    51383301.245     2.0
 Solve PME                            75687.913728     4844026.479     0.2
 Reset In Box                           429.325198        1287.976     0.0
 CG-CoM                                 430.011021        1290.033     0.0
 Bonds                                  177.903558       10496.310     0.0
 Propers                                800.966019      183421.218     0.0
 Impropers                               31.100622        6468.929     0.0
 Pos. Restr.                            224.104482       11205.224     0.0
 Virial                                 343.619868        6185.158     0.0
 Stop-CM                                344.283146        3442.831     0.0
 Calc-Ekin                             6859.601646      185209.244     0.0
 Lincs                                  115.956957        6957.417     0.0
 Lincs-Mat                              532.831968        2131.328     0.0
 Constraint-V                         34241.119590      308170.076     0.0
 Constraint-Vir                         341.920476        8206.091     0.0
 Settle                               11336.630157     4194553.158     0.2
 CMAP                                     6.150123       10455.209     0.0
 Urey-Bradley                           534.510690       97815.456     0.0
-----------------------------------------------------------------------------
 Total                                              2613936364.209   100.0
-----------------------------------------------------------------------------


    D O M A I N   D E C O M P O S I T I O N   S T A T I S T I C S

 av. #atoms communicated per step for force:  2 x 0.0


      R E A L   C Y C L E   A N D   T I M E   A C C O U N T I N G

On 1 MPI rank, each using 8 OpenMP threads

 Activity:              Num   Num      Call    Wall time         Giga-Cycles
                        Ranks Threads  Count      (s)         total sum    %
--------------------------------------------------------------------------------
 Domain decomp.            1    8        626      29.513        543.026   0.7
 Neighbor search           1    8        626     106.325       1956.339   2.7
 Force                     1    8      50001    2908.171      53509.041  73.0
 PME mesh                  1    8      50001     789.247      14521.795  19.8
 NB X/F buffer ops.        1    8      99376      65.596       1206.946   1.6
 Write traj.               1    8        105       4.213         77.509   0.1
 Update                    1    8      50001      37.712        693.879   0.9
 Constraints               1    8      50003      34.957        643.188   0.9
 Rest                                              6.476        119.151   0.2
--------------------------------------------------------------------------------
 Total                                          3982.210      73270.873 100.0
--------------------------------------------------------------------------------
 Breakdown of PME mesh activities
--------------------------------------------------------------------------------
 PME spread                1    8      50001     301.884       5554.534   7.6
 PME gather                1    8      50001     249.592       4592.372   6.3
 PME 3D-FFT                1    8     100002     226.843       4173.814   5.7
 PME solve Elec            1    8      50001       9.779        179.922   0.2
--------------------------------------------------------------------------------

               Core t (s)   Wall t (s)        (%)
       Time:    31857.596     3982.210      800.0
                         1h06:22
                 (ns/day)    (hour/ns)
Performance:        2.170       11.061
Finished mdrun on rank 0 Sun Sep 28 18:58:43 2025

